[2024-10-09T15:37:11.003+0000] {processor.py:186} INFO - Started process (PID=679) to work on /opt/airflow/dags/hello_world.py
[2024-10-09T15:37:11.004+0000] {processor.py:914} INFO - Processing file /opt/airflow/dags/hello_world.py for tasks to queue
[2024-10-09T15:37:11.005+0000] {logging_mixin.py:190} INFO - [2024-10-09T15:37:11.005+0000] {dagbag.py:588} INFO - Filling up the DagBag from /opt/airflow/dags/hello_world.py
[2024-10-09T15:37:11.012+0000] {processor.py:925} INFO - DAG(s) 'hello_world' retrieved from /opt/airflow/dags/hello_world.py
[2024-10-09T15:37:11.100+0000] {logging_mixin.py:190} INFO - [2024-10-09T15:37:11.099+0000] {override.py:1900} INFO - Created Permission View: can delete on DAG:hello_world
[2024-10-09T15:37:11.110+0000] {logging_mixin.py:190} INFO - [2024-10-09T15:37:11.110+0000] {override.py:1900} INFO - Created Permission View: can edit on DAG:hello_world
[2024-10-09T15:37:11.119+0000] {logging_mixin.py:190} INFO - [2024-10-09T15:37:11.119+0000] {override.py:1900} INFO - Created Permission View: can read on DAG:hello_world
[2024-10-09T15:37:11.132+0000] {logging_mixin.py:190} INFO - [2024-10-09T15:37:11.132+0000] {override.py:1900} INFO - Created Permission View: can delete on DAG Run:hello_world
[2024-10-09T15:37:11.142+0000] {logging_mixin.py:190} INFO - [2024-10-09T15:37:11.141+0000] {override.py:1900} INFO - Created Permission View: can read on DAG Run:hello_world
[2024-10-09T15:37:11.150+0000] {logging_mixin.py:190} INFO - [2024-10-09T15:37:11.150+0000] {override.py:1900} INFO - Created Permission View: can create on DAG Run:hello_world
[2024-10-09T15:37:11.158+0000] {logging_mixin.py:190} INFO - [2024-10-09T15:37:11.158+0000] {override.py:1900} INFO - Created Permission View: menu access on DAG Run:hello_world
[2024-10-09T15:37:11.159+0000] {logging_mixin.py:190} INFO - [2024-10-09T15:37:11.159+0000] {dag.py:3239} INFO - Sync 1 DAGs
[2024-10-09T15:37:11.168+0000] {logging_mixin.py:190} INFO - [2024-10-09T15:37:11.168+0000] {dag.py:3262} INFO - Creating ORM DAG for hello_world
[2024-10-09T15:37:11.177+0000] {logging_mixin.py:190} INFO - [2024-10-09T15:37:11.177+0000] {dag.py:4180} INFO - Setting next_dagrun for hello_world to 2024-10-08 00:00:00+00:00, run_after=2024-10-09 00:00:00+00:00
[2024-10-09T15:37:11.201+0000] {processor.py:208} INFO - Processing /opt/airflow/dags/hello_world.py took 0.201 seconds
[2024-10-09T15:37:42.172+0000] {processor.py:186} INFO - Started process (PID=749) to work on /opt/airflow/dags/hello_world.py
[2024-10-09T15:37:42.173+0000] {processor.py:914} INFO - Processing file /opt/airflow/dags/hello_world.py for tasks to queue
[2024-10-09T15:37:42.175+0000] {logging_mixin.py:190} INFO - [2024-10-09T15:37:42.175+0000] {dagbag.py:588} INFO - Filling up the DagBag from /opt/airflow/dags/hello_world.py
[2024-10-09T15:37:42.181+0000] {processor.py:925} INFO - DAG(s) 'hello_world' retrieved from /opt/airflow/dags/hello_world.py
[2024-10-09T15:37:42.195+0000] {logging_mixin.py:190} INFO - [2024-10-09T15:37:42.195+0000] {dag.py:3239} INFO - Sync 1 DAGs
[2024-10-09T15:37:42.213+0000] {logging_mixin.py:190} INFO - [2024-10-09T15:37:42.213+0000] {dag.py:4180} INFO - Setting next_dagrun for hello_world to 2024-10-08 00:00:00+00:00, run_after=2024-10-09 00:00:00+00:00
[2024-10-09T15:37:42.230+0000] {processor.py:208} INFO - Processing /opt/airflow/dags/hello_world.py took 0.062 seconds
[2024-10-09T15:38:12.518+0000] {processor.py:186} INFO - Started process (PID=812) to work on /opt/airflow/dags/hello_world.py
[2024-10-09T15:38:12.519+0000] {processor.py:914} INFO - Processing file /opt/airflow/dags/hello_world.py for tasks to queue
[2024-10-09T15:38:12.520+0000] {logging_mixin.py:190} INFO - [2024-10-09T15:38:12.520+0000] {dagbag.py:588} INFO - Filling up the DagBag from /opt/airflow/dags/hello_world.py
[2024-10-09T15:38:12.527+0000] {processor.py:925} INFO - DAG(s) 'hello_world' retrieved from /opt/airflow/dags/hello_world.py
[2024-10-09T15:38:12.540+0000] {logging_mixin.py:190} INFO - [2024-10-09T15:38:12.540+0000] {dag.py:3239} INFO - Sync 1 DAGs
[2024-10-09T15:38:12.558+0000] {logging_mixin.py:190} INFO - [2024-10-09T15:38:12.558+0000] {dag.py:4180} INFO - Setting next_dagrun for hello_world to 2024-10-08 00:00:00+00:00, run_after=2024-10-09 00:00:00+00:00
[2024-10-09T15:38:12.574+0000] {processor.py:208} INFO - Processing /opt/airflow/dags/hello_world.py took 0.060 seconds
[2024-10-09T15:38:42.684+0000] {processor.py:186} INFO - Started process (PID=875) to work on /opt/airflow/dags/hello_world.py
[2024-10-09T15:38:42.684+0000] {processor.py:914} INFO - Processing file /opt/airflow/dags/hello_world.py for tasks to queue
[2024-10-09T15:38:42.686+0000] {logging_mixin.py:190} INFO - [2024-10-09T15:38:42.686+0000] {dagbag.py:588} INFO - Filling up the DagBag from /opt/airflow/dags/hello_world.py
[2024-10-09T15:38:42.692+0000] {processor.py:925} INFO - DAG(s) 'hello_world' retrieved from /opt/airflow/dags/hello_world.py
[2024-10-09T15:38:42.706+0000] {logging_mixin.py:190} INFO - [2024-10-09T15:38:42.706+0000] {dag.py:3239} INFO - Sync 1 DAGs
[2024-10-09T15:38:42.726+0000] {logging_mixin.py:190} INFO - [2024-10-09T15:38:42.725+0000] {dag.py:4180} INFO - Setting next_dagrun for hello_world to 2024-10-08 00:00:00+00:00, run_after=2024-10-09 00:00:00+00:00
[2024-10-09T15:38:42.744+0000] {processor.py:208} INFO - Processing /opt/airflow/dags/hello_world.py took 0.065 seconds
[2024-10-09T15:38:56.728+0000] {processor.py:186} INFO - Started process (PID=932) to work on /opt/airflow/dags/hello_world.py
[2024-10-09T15:38:56.729+0000] {processor.py:914} INFO - Processing file /opt/airflow/dags/hello_world.py for tasks to queue
[2024-10-09T15:38:56.730+0000] {logging_mixin.py:190} INFO - [2024-10-09T15:38:56.730+0000] {dagbag.py:588} INFO - Filling up the DagBag from /opt/airflow/dags/hello_world.py
[2024-10-09T15:38:56.738+0000] {processor.py:925} INFO - DAG(s) 'hello_Dani' retrieved from /opt/airflow/dags/hello_world.py
[2024-10-09T15:38:56.828+0000] {logging_mixin.py:190} INFO - [2024-10-09T15:38:56.827+0000] {override.py:1900} INFO - Created Permission View: can delete on DAG:hello_Dani
[2024-10-09T15:38:56.840+0000] {logging_mixin.py:190} INFO - [2024-10-09T15:38:56.840+0000] {override.py:1900} INFO - Created Permission View: can edit on DAG:hello_Dani
[2024-10-09T15:38:56.849+0000] {logging_mixin.py:190} INFO - [2024-10-09T15:38:56.849+0000] {override.py:1900} INFO - Created Permission View: can read on DAG:hello_Dani
[2024-10-09T15:38:56.862+0000] {logging_mixin.py:190} INFO - [2024-10-09T15:38:56.862+0000] {override.py:1900} INFO - Created Permission View: can delete on DAG Run:hello_Dani
[2024-10-09T15:38:56.871+0000] {logging_mixin.py:190} INFO - [2024-10-09T15:38:56.871+0000] {override.py:1900} INFO - Created Permission View: can read on DAG Run:hello_Dani
[2024-10-09T15:38:56.879+0000] {logging_mixin.py:190} INFO - [2024-10-09T15:38:56.878+0000] {override.py:1900} INFO - Created Permission View: can create on DAG Run:hello_Dani
[2024-10-09T15:38:56.889+0000] {logging_mixin.py:190} INFO - [2024-10-09T15:38:56.889+0000] {override.py:1900} INFO - Created Permission View: menu access on DAG Run:hello_Dani
[2024-10-09T15:38:56.889+0000] {logging_mixin.py:190} INFO - [2024-10-09T15:38:56.889+0000] {dag.py:3239} INFO - Sync 1 DAGs
[2024-10-09T15:38:56.899+0000] {logging_mixin.py:190} INFO - [2024-10-09T15:38:56.899+0000] {dag.py:3262} INFO - Creating ORM DAG for hello_Dani
[2024-10-09T15:38:56.906+0000] {logging_mixin.py:190} INFO - [2024-10-09T15:38:56.906+0000] {dag.py:4180} INFO - Setting next_dagrun for hello_Dani to 2024-10-08 00:00:00+00:00, run_after=2024-10-09 00:00:00+00:00
[2024-10-09T15:38:56.923+0000] {processor.py:208} INFO - Processing /opt/airflow/dags/hello_world.py took 0.199 seconds
[2024-10-09T15:38:59.758+0000] {processor.py:186} INFO - Started process (PID=933) to work on /opt/airflow/dags/hello_world.py
[2024-10-09T15:38:59.758+0000] {processor.py:914} INFO - Processing file /opt/airflow/dags/hello_world.py for tasks to queue
[2024-10-09T15:38:59.760+0000] {logging_mixin.py:190} INFO - [2024-10-09T15:38:59.760+0000] {dagbag.py:588} INFO - Filling up the DagBag from /opt/airflow/dags/hello_world.py
[2024-10-09T15:38:59.767+0000] {processor.py:925} INFO - DAG(s) 'hello_dani' retrieved from /opt/airflow/dags/hello_world.py
[2024-10-09T15:38:59.861+0000] {logging_mixin.py:190} INFO - [2024-10-09T15:38:59.860+0000] {override.py:1900} INFO - Created Permission View: can delete on DAG:hello_dani
[2024-10-09T15:38:59.872+0000] {logging_mixin.py:190} INFO - [2024-10-09T15:38:59.872+0000] {override.py:1900} INFO - Created Permission View: can edit on DAG:hello_dani
[2024-10-09T15:38:59.880+0000] {logging_mixin.py:190} INFO - [2024-10-09T15:38:59.880+0000] {override.py:1900} INFO - Created Permission View: can read on DAG:hello_dani
[2024-10-09T15:38:59.895+0000] {logging_mixin.py:190} INFO - [2024-10-09T15:38:59.895+0000] {override.py:1900} INFO - Created Permission View: can delete on DAG Run:hello_dani
[2024-10-09T15:38:59.903+0000] {logging_mixin.py:190} INFO - [2024-10-09T15:38:59.903+0000] {override.py:1900} INFO - Created Permission View: can read on DAG Run:hello_dani
[2024-10-09T15:38:59.924+0000] {logging_mixin.py:190} INFO - [2024-10-09T15:38:59.923+0000] {override.py:1900} INFO - Created Permission View: can create on DAG Run:hello_dani
[2024-10-09T15:38:59.934+0000] {logging_mixin.py:190} INFO - [2024-10-09T15:38:59.933+0000] {override.py:1900} INFO - Created Permission View: menu access on DAG Run:hello_dani
[2024-10-09T15:38:59.934+0000] {logging_mixin.py:190} INFO - [2024-10-09T15:38:59.934+0000] {dag.py:3239} INFO - Sync 1 DAGs
[2024-10-09T15:38:59.946+0000] {logging_mixin.py:190} INFO - [2024-10-09T15:38:59.946+0000] {dag.py:3262} INFO - Creating ORM DAG for hello_dani
[2024-10-09T15:38:59.954+0000] {logging_mixin.py:190} INFO - [2024-10-09T15:38:59.954+0000] {dag.py:4180} INFO - Setting next_dagrun for hello_dani to 2024-10-08 00:00:00+00:00, run_after=2024-10-09 00:00:00+00:00
[2024-10-09T15:38:59.971+0000] {processor.py:208} INFO - Processing /opt/airflow/dags/hello_world.py took 0.218 seconds
[2024-10-09T15:39:05.988+0000] {processor.py:186} INFO - Started process (PID=934) to work on /opt/airflow/dags/hello_world.py
[2024-10-09T15:39:05.988+0000] {processor.py:914} INFO - Processing file /opt/airflow/dags/hello_world.py for tasks to queue
[2024-10-09T15:39:05.990+0000] {logging_mixin.py:190} INFO - [2024-10-09T15:39:05.990+0000] {dagbag.py:588} INFO - Filling up the DagBag from /opt/airflow/dags/hello_world.py
[2024-10-09T15:39:05.997+0000] {processor.py:925} INFO - DAG(s) 'hello_dani' retrieved from /opt/airflow/dags/hello_world.py
[2024-10-09T15:39:06.006+0000] {logging_mixin.py:190} INFO - [2024-10-09T15:39:06.006+0000] {dag.py:3239} INFO - Sync 1 DAGs
[2024-10-09T15:39:06.024+0000] {logging_mixin.py:190} INFO - [2024-10-09T15:39:06.024+0000] {dag.py:4180} INFO - Setting next_dagrun for hello_dani to 2024-10-08 00:00:00+00:00, run_after=2024-10-09 00:00:00+00:00
[2024-10-09T15:39:06.041+0000] {processor.py:208} INFO - Processing /opt/airflow/dags/hello_world.py took 0.057 seconds
[2024-10-09T15:39:36.160+0000] {processor.py:186} INFO - Started process (PID=997) to work on /opt/airflow/dags/hello_world.py
[2024-10-09T15:39:36.161+0000] {processor.py:914} INFO - Processing file /opt/airflow/dags/hello_world.py for tasks to queue
[2024-10-09T15:39:36.162+0000] {logging_mixin.py:190} INFO - [2024-10-09T15:39:36.162+0000] {dagbag.py:588} INFO - Filling up the DagBag from /opt/airflow/dags/hello_world.py
[2024-10-09T15:39:36.169+0000] {processor.py:925} INFO - DAG(s) 'hello_dani' retrieved from /opt/airflow/dags/hello_world.py
[2024-10-09T15:39:36.182+0000] {logging_mixin.py:190} INFO - [2024-10-09T15:39:36.182+0000] {dag.py:3239} INFO - Sync 1 DAGs
[2024-10-09T15:39:36.200+0000] {logging_mixin.py:190} INFO - [2024-10-09T15:39:36.200+0000] {dag.py:4180} INFO - Setting next_dagrun for hello_dani to 2024-10-08 00:00:00+00:00, run_after=2024-10-09 00:00:00+00:00
[2024-10-09T15:39:36.217+0000] {processor.py:208} INFO - Processing /opt/airflow/dags/hello_world.py took 0.062 seconds
[2024-10-09T15:40:06.499+0000] {processor.py:186} INFO - Started process (PID=1060) to work on /opt/airflow/dags/hello_world.py
[2024-10-09T15:40:06.499+0000] {processor.py:914} INFO - Processing file /opt/airflow/dags/hello_world.py for tasks to queue
[2024-10-09T15:40:06.501+0000] {logging_mixin.py:190} INFO - [2024-10-09T15:40:06.501+0000] {dagbag.py:588} INFO - Filling up the DagBag from /opt/airflow/dags/hello_world.py
[2024-10-09T15:40:06.507+0000] {processor.py:925} INFO - DAG(s) 'hello_dani' retrieved from /opt/airflow/dags/hello_world.py
[2024-10-09T15:40:06.520+0000] {logging_mixin.py:190} INFO - [2024-10-09T15:40:06.520+0000] {dag.py:3239} INFO - Sync 1 DAGs
[2024-10-09T15:40:06.538+0000] {logging_mixin.py:190} INFO - [2024-10-09T15:40:06.538+0000] {dag.py:4180} INFO - Setting next_dagrun for hello_dani to 2024-10-08 00:00:00+00:00, run_after=2024-10-09 00:00:00+00:00
[2024-10-09T15:40:06.555+0000] {processor.py:208} INFO - Processing /opt/airflow/dags/hello_world.py took 0.060 seconds
[2024-10-09T15:40:37.438+0000] {processor.py:186} INFO - Started process (PID=1123) to work on /opt/airflow/dags/hello_world.py
[2024-10-09T15:40:37.438+0000] {processor.py:914} INFO - Processing file /opt/airflow/dags/hello_world.py for tasks to queue
[2024-10-09T15:40:37.439+0000] {logging_mixin.py:190} INFO - [2024-10-09T15:40:37.439+0000] {dagbag.py:588} INFO - Filling up the DagBag from /opt/airflow/dags/hello_world.py
[2024-10-09T15:40:37.446+0000] {processor.py:925} INFO - DAG(s) 'hello_dani' retrieved from /opt/airflow/dags/hello_world.py
[2024-10-09T15:40:37.459+0000] {logging_mixin.py:190} INFO - [2024-10-09T15:40:37.459+0000] {dag.py:3239} INFO - Sync 1 DAGs
[2024-10-09T15:40:37.478+0000] {logging_mixin.py:190} INFO - [2024-10-09T15:40:37.478+0000] {dag.py:4180} INFO - Setting next_dagrun for hello_dani to 2024-10-08 00:00:00+00:00, run_after=2024-10-09 00:00:00+00:00
[2024-10-09T15:40:37.495+0000] {processor.py:208} INFO - Processing /opt/airflow/dags/hello_world.py took 0.061 seconds
[2024-10-09T15:41:07.890+0000] {processor.py:186} INFO - Started process (PID=1186) to work on /opt/airflow/dags/hello_world.py
[2024-10-09T15:41:07.891+0000] {processor.py:914} INFO - Processing file /opt/airflow/dags/hello_world.py for tasks to queue
[2024-10-09T15:41:07.891+0000] {logging_mixin.py:190} INFO - [2024-10-09T15:41:07.891+0000] {dagbag.py:588} INFO - Filling up the DagBag from /opt/airflow/dags/hello_world.py
[2024-10-09T15:41:07.898+0000] {processor.py:925} INFO - DAG(s) 'hello_dani' retrieved from /opt/airflow/dags/hello_world.py
[2024-10-09T15:41:07.911+0000] {logging_mixin.py:190} INFO - [2024-10-09T15:41:07.910+0000] {dag.py:3239} INFO - Sync 1 DAGs
[2024-10-09T15:41:07.929+0000] {logging_mixin.py:190} INFO - [2024-10-09T15:41:07.929+0000] {dag.py:4180} INFO - Setting next_dagrun for hello_dani to 2024-10-08 00:00:00+00:00, run_after=2024-10-09 00:00:00+00:00
[2024-10-09T15:41:07.946+0000] {processor.py:208} INFO - Processing /opt/airflow/dags/hello_world.py took 0.060 seconds
[2024-10-09T15:41:38.078+0000] {processor.py:186} INFO - Started process (PID=1250) to work on /opt/airflow/dags/hello_world.py
[2024-10-09T15:41:38.079+0000] {processor.py:914} INFO - Processing file /opt/airflow/dags/hello_world.py for tasks to queue
[2024-10-09T15:41:38.079+0000] {logging_mixin.py:190} INFO - [2024-10-09T15:41:38.079+0000] {dagbag.py:588} INFO - Filling up the DagBag from /opt/airflow/dags/hello_world.py
[2024-10-09T15:41:38.086+0000] {processor.py:925} INFO - DAG(s) 'hello_dani' retrieved from /opt/airflow/dags/hello_world.py
[2024-10-09T15:41:38.099+0000] {logging_mixin.py:190} INFO - [2024-10-09T15:41:38.099+0000] {dag.py:3239} INFO - Sync 1 DAGs
[2024-10-09T15:41:38.117+0000] {logging_mixin.py:190} INFO - [2024-10-09T15:41:38.117+0000] {dag.py:4180} INFO - Setting next_dagrun for hello_dani to 2024-10-08 00:00:00+00:00, run_after=2024-10-09 00:00:00+00:00
[2024-10-09T15:41:38.132+0000] {processor.py:208} INFO - Processing /opt/airflow/dags/hello_world.py took 0.059 seconds
[2024-10-09T15:42:08.490+0000] {processor.py:186} INFO - Started process (PID=1313) to work on /opt/airflow/dags/hello_world.py
[2024-10-09T15:42:08.491+0000] {processor.py:914} INFO - Processing file /opt/airflow/dags/hello_world.py for tasks to queue
[2024-10-09T15:42:08.492+0000] {logging_mixin.py:190} INFO - [2024-10-09T15:42:08.492+0000] {dagbag.py:588} INFO - Filling up the DagBag from /opt/airflow/dags/hello_world.py
[2024-10-09T15:42:08.498+0000] {processor.py:925} INFO - DAG(s) 'hello_dani' retrieved from /opt/airflow/dags/hello_world.py
[2024-10-09T15:42:08.512+0000] {logging_mixin.py:190} INFO - [2024-10-09T15:42:08.511+0000] {dag.py:3239} INFO - Sync 1 DAGs
[2024-10-09T15:42:08.530+0000] {logging_mixin.py:190} INFO - [2024-10-09T15:42:08.530+0000] {dag.py:4180} INFO - Setting next_dagrun for hello_dani to 2024-10-08 00:00:00+00:00, run_after=2024-10-09 00:00:00+00:00
[2024-10-09T15:42:08.547+0000] {processor.py:208} INFO - Processing /opt/airflow/dags/hello_world.py took 0.061 seconds
[2024-10-09T15:42:38.663+0000] {processor.py:186} INFO - Started process (PID=1376) to work on /opt/airflow/dags/hello_world.py
[2024-10-09T15:42:38.664+0000] {processor.py:914} INFO - Processing file /opt/airflow/dags/hello_world.py for tasks to queue
[2024-10-09T15:42:38.665+0000] {logging_mixin.py:190} INFO - [2024-10-09T15:42:38.665+0000] {dagbag.py:588} INFO - Filling up the DagBag from /opt/airflow/dags/hello_world.py
[2024-10-09T15:42:38.671+0000] {processor.py:925} INFO - DAG(s) 'hello_dani' retrieved from /opt/airflow/dags/hello_world.py
[2024-10-09T15:42:38.684+0000] {logging_mixin.py:190} INFO - [2024-10-09T15:42:38.684+0000] {dag.py:3239} INFO - Sync 1 DAGs
[2024-10-09T15:42:38.703+0000] {logging_mixin.py:190} INFO - [2024-10-09T15:42:38.702+0000] {dag.py:4180} INFO - Setting next_dagrun for hello_dani to 2024-10-08 00:00:00+00:00, run_after=2024-10-09 00:00:00+00:00
[2024-10-09T15:42:38.720+0000] {processor.py:208} INFO - Processing /opt/airflow/dags/hello_world.py took 0.060 seconds
[2024-10-09T15:43:09.014+0000] {processor.py:186} INFO - Started process (PID=1439) to work on /opt/airflow/dags/hello_world.py
[2024-10-09T15:43:09.014+0000] {processor.py:914} INFO - Processing file /opt/airflow/dags/hello_world.py for tasks to queue
[2024-10-09T15:43:09.015+0000] {logging_mixin.py:190} INFO - [2024-10-09T15:43:09.015+0000] {dagbag.py:588} INFO - Filling up the DagBag from /opt/airflow/dags/hello_world.py
[2024-10-09T15:43:09.022+0000] {processor.py:925} INFO - DAG(s) 'hello_dani' retrieved from /opt/airflow/dags/hello_world.py
[2024-10-09T15:43:09.035+0000] {logging_mixin.py:190} INFO - [2024-10-09T15:43:09.034+0000] {dag.py:3239} INFO - Sync 1 DAGs
[2024-10-09T15:43:09.052+0000] {logging_mixin.py:190} INFO - [2024-10-09T15:43:09.052+0000] {dag.py:4180} INFO - Setting next_dagrun for hello_dani to 2024-10-08 00:00:00+00:00, run_after=2024-10-09 00:00:00+00:00
[2024-10-09T15:43:09.069+0000] {processor.py:208} INFO - Processing /opt/airflow/dags/hello_world.py took 0.059 seconds
[2024-10-09T15:43:39.334+0000] {processor.py:186} INFO - Started process (PID=1502) to work on /opt/airflow/dags/hello_world.py
[2024-10-09T15:43:39.335+0000] {processor.py:914} INFO - Processing file /opt/airflow/dags/hello_world.py for tasks to queue
[2024-10-09T15:43:39.336+0000] {logging_mixin.py:190} INFO - [2024-10-09T15:43:39.336+0000] {dagbag.py:588} INFO - Filling up the DagBag from /opt/airflow/dags/hello_world.py
[2024-10-09T15:43:39.343+0000] {processor.py:925} INFO - DAG(s) 'hello_dani' retrieved from /opt/airflow/dags/hello_world.py
[2024-10-09T15:43:39.356+0000] {logging_mixin.py:190} INFO - [2024-10-09T15:43:39.355+0000] {dag.py:3239} INFO - Sync 1 DAGs
[2024-10-09T15:43:39.374+0000] {logging_mixin.py:190} INFO - [2024-10-09T15:43:39.374+0000] {dag.py:4180} INFO - Setting next_dagrun for hello_dani to 2024-10-08 00:00:00+00:00, run_after=2024-10-09 00:00:00+00:00
[2024-10-09T15:43:39.390+0000] {processor.py:208} INFO - Processing /opt/airflow/dags/hello_world.py took 0.060 seconds
[2024-10-09T15:44:09.618+0000] {processor.py:186} INFO - Started process (PID=1565) to work on /opt/airflow/dags/hello_world.py
[2024-10-09T15:44:09.618+0000] {processor.py:914} INFO - Processing file /opt/airflow/dags/hello_world.py for tasks to queue
[2024-10-09T15:44:09.619+0000] {logging_mixin.py:190} INFO - [2024-10-09T15:44:09.619+0000] {dagbag.py:588} INFO - Filling up the DagBag from /opt/airflow/dags/hello_world.py
[2024-10-09T15:44:09.626+0000] {processor.py:925} INFO - DAG(s) 'hello_dani' retrieved from /opt/airflow/dags/hello_world.py
[2024-10-09T15:44:09.639+0000] {logging_mixin.py:190} INFO - [2024-10-09T15:44:09.639+0000] {dag.py:3239} INFO - Sync 1 DAGs
[2024-10-09T15:44:09.657+0000] {logging_mixin.py:190} INFO - [2024-10-09T15:44:09.657+0000] {dag.py:4180} INFO - Setting next_dagrun for hello_dani to 2024-10-08 00:00:00+00:00, run_after=2024-10-09 00:00:00+00:00
[2024-10-09T15:44:09.673+0000] {processor.py:208} INFO - Processing /opt/airflow/dags/hello_world.py took 0.060 seconds
[2024-10-09T15:44:40.652+0000] {processor.py:186} INFO - Started process (PID=1628) to work on /opt/airflow/dags/hello_world.py
[2024-10-09T15:44:40.653+0000] {processor.py:914} INFO - Processing file /opt/airflow/dags/hello_world.py for tasks to queue
[2024-10-09T15:44:40.654+0000] {logging_mixin.py:190} INFO - [2024-10-09T15:44:40.654+0000] {dagbag.py:588} INFO - Filling up the DagBag from /opt/airflow/dags/hello_world.py
[2024-10-09T15:44:40.661+0000] {processor.py:925} INFO - DAG(s) 'hello_dani' retrieved from /opt/airflow/dags/hello_world.py
[2024-10-09T15:44:40.675+0000] {logging_mixin.py:190} INFO - [2024-10-09T15:44:40.674+0000] {dag.py:3239} INFO - Sync 1 DAGs
[2024-10-09T15:44:40.693+0000] {logging_mixin.py:190} INFO - [2024-10-09T15:44:40.693+0000] {dag.py:4180} INFO - Setting next_dagrun for hello_dani to 2024-10-08 00:00:00+00:00, run_after=2024-10-09 00:00:00+00:00
[2024-10-09T15:44:40.709+0000] {processor.py:208} INFO - Processing /opt/airflow/dags/hello_world.py took 0.061 seconds
[2024-10-09T15:45:10.979+0000] {processor.py:186} INFO - Started process (PID=1692) to work on /opt/airflow/dags/hello_world.py
[2024-10-09T15:45:10.980+0000] {processor.py:914} INFO - Processing file /opt/airflow/dags/hello_world.py for tasks to queue
[2024-10-09T15:45:10.981+0000] {logging_mixin.py:190} INFO - [2024-10-09T15:45:10.981+0000] {dagbag.py:588} INFO - Filling up the DagBag from /opt/airflow/dags/hello_world.py
[2024-10-09T15:45:10.990+0000] {processor.py:925} INFO - DAG(s) 'hello_dani' retrieved from /opt/airflow/dags/hello_world.py
[2024-10-09T15:45:11.008+0000] {logging_mixin.py:190} INFO - [2024-10-09T15:45:11.008+0000] {dag.py:3239} INFO - Sync 1 DAGs
[2024-10-09T15:45:11.033+0000] {logging_mixin.py:190} INFO - [2024-10-09T15:45:11.033+0000] {dag.py:4180} INFO - Setting next_dagrun for hello_dani to 2024-10-08 00:00:00+00:00, run_after=2024-10-09 00:00:00+00:00
[2024-10-09T15:45:11.058+0000] {processor.py:208} INFO - Processing /opt/airflow/dags/hello_world.py took 0.084 seconds
[2024-10-09T15:45:41.462+0000] {processor.py:186} INFO - Started process (PID=1755) to work on /opt/airflow/dags/hello_world.py
[2024-10-09T15:45:41.463+0000] {processor.py:914} INFO - Processing file /opt/airflow/dags/hello_world.py for tasks to queue
[2024-10-09T15:45:41.464+0000] {logging_mixin.py:190} INFO - [2024-10-09T15:45:41.463+0000] {dagbag.py:588} INFO - Filling up the DagBag from /opt/airflow/dags/hello_world.py
[2024-10-09T15:45:41.470+0000] {processor.py:925} INFO - DAG(s) 'hello_dani' retrieved from /opt/airflow/dags/hello_world.py
[2024-10-09T15:45:41.484+0000] {logging_mixin.py:190} INFO - [2024-10-09T15:45:41.484+0000] {dag.py:3239} INFO - Sync 1 DAGs
[2024-10-09T15:45:41.502+0000] {logging_mixin.py:190} INFO - [2024-10-09T15:45:41.502+0000] {dag.py:4180} INFO - Setting next_dagrun for hello_dani to 2024-10-08 00:00:00+00:00, run_after=2024-10-09 00:00:00+00:00
[2024-10-09T15:45:41.520+0000] {processor.py:208} INFO - Processing /opt/airflow/dags/hello_world.py took 0.062 seconds
[2024-10-09T15:46:11.714+0000] {processor.py:186} INFO - Started process (PID=1819) to work on /opt/airflow/dags/hello_world.py
[2024-10-09T15:46:11.715+0000] {processor.py:914} INFO - Processing file /opt/airflow/dags/hello_world.py for tasks to queue
[2024-10-09T15:46:11.716+0000] {logging_mixin.py:190} INFO - [2024-10-09T15:46:11.715+0000] {dagbag.py:588} INFO - Filling up the DagBag from /opt/airflow/dags/hello_world.py
[2024-10-09T15:46:11.722+0000] {processor.py:925} INFO - DAG(s) 'hello_dani' retrieved from /opt/airflow/dags/hello_world.py
[2024-10-09T15:46:11.736+0000] {logging_mixin.py:190} INFO - [2024-10-09T15:46:11.736+0000] {dag.py:3239} INFO - Sync 1 DAGs
[2024-10-09T15:46:11.754+0000] {logging_mixin.py:190} INFO - [2024-10-09T15:46:11.754+0000] {dag.py:4180} INFO - Setting next_dagrun for hello_dani to 2024-10-08 00:00:00+00:00, run_after=2024-10-09 00:00:00+00:00
[2024-10-09T15:46:11.780+0000] {processor.py:208} INFO - Processing /opt/airflow/dags/hello_world.py took 0.071 seconds
[2024-10-09T15:46:41.910+0000] {processor.py:186} INFO - Started process (PID=1882) to work on /opt/airflow/dags/hello_world.py
[2024-10-09T15:46:41.911+0000] {processor.py:914} INFO - Processing file /opt/airflow/dags/hello_world.py for tasks to queue
[2024-10-09T15:46:41.911+0000] {logging_mixin.py:190} INFO - [2024-10-09T15:46:41.911+0000] {dagbag.py:588} INFO - Filling up the DagBag from /opt/airflow/dags/hello_world.py
[2024-10-09T15:46:41.918+0000] {processor.py:925} INFO - DAG(s) 'hello_dani' retrieved from /opt/airflow/dags/hello_world.py
[2024-10-09T15:46:41.931+0000] {logging_mixin.py:190} INFO - [2024-10-09T15:46:41.931+0000] {dag.py:3239} INFO - Sync 1 DAGs
[2024-10-09T15:46:41.950+0000] {logging_mixin.py:190} INFO - [2024-10-09T15:46:41.949+0000] {dag.py:4180} INFO - Setting next_dagrun for hello_dani to 2024-10-08 00:00:00+00:00, run_after=2024-10-09 00:00:00+00:00
[2024-10-09T15:46:41.977+0000] {processor.py:208} INFO - Processing /opt/airflow/dags/hello_world.py took 0.071 seconds
[2024-10-09T15:47:12.415+0000] {processor.py:186} INFO - Started process (PID=1945) to work on /opt/airflow/dags/hello_world.py
[2024-10-09T15:47:12.416+0000] {processor.py:914} INFO - Processing file /opt/airflow/dags/hello_world.py for tasks to queue
[2024-10-09T15:47:12.416+0000] {logging_mixin.py:190} INFO - [2024-10-09T15:47:12.416+0000] {dagbag.py:588} INFO - Filling up the DagBag from /opt/airflow/dags/hello_world.py
[2024-10-09T15:47:12.423+0000] {processor.py:925} INFO - DAG(s) 'hello_dani' retrieved from /opt/airflow/dags/hello_world.py
[2024-10-09T15:47:12.436+0000] {logging_mixin.py:190} INFO - [2024-10-09T15:47:12.436+0000] {dag.py:3239} INFO - Sync 1 DAGs
[2024-10-09T15:47:12.454+0000] {logging_mixin.py:190} INFO - [2024-10-09T15:47:12.454+0000] {dag.py:4180} INFO - Setting next_dagrun for hello_dani to 2024-10-09 00:00:00+00:00, run_after=2024-10-10 00:00:00+00:00
[2024-10-09T15:47:12.471+0000] {processor.py:208} INFO - Processing /opt/airflow/dags/hello_world.py took 0.062 seconds
[2024-10-09T15:47:42.948+0000] {processor.py:186} INFO - Started process (PID=2009) to work on /opt/airflow/dags/hello_world.py
[2024-10-09T15:47:42.948+0000] {processor.py:914} INFO - Processing file /opt/airflow/dags/hello_world.py for tasks to queue
[2024-10-09T15:47:42.949+0000] {logging_mixin.py:190} INFO - [2024-10-09T15:47:42.949+0000] {dagbag.py:588} INFO - Filling up the DagBag from /opt/airflow/dags/hello_world.py
[2024-10-09T15:47:42.956+0000] {processor.py:925} INFO - DAG(s) 'hello_dani' retrieved from /opt/airflow/dags/hello_world.py
[2024-10-09T15:47:42.968+0000] {logging_mixin.py:190} INFO - [2024-10-09T15:47:42.968+0000] {dag.py:3239} INFO - Sync 1 DAGs
[2024-10-09T15:47:42.987+0000] {logging_mixin.py:190} INFO - [2024-10-09T15:47:42.986+0000] {dag.py:4180} INFO - Setting next_dagrun for hello_dani to 2024-10-09 00:00:00+00:00, run_after=2024-10-10 00:00:00+00:00
[2024-10-09T15:47:43.003+0000] {processor.py:208} INFO - Processing /opt/airflow/dags/hello_world.py took 0.060 seconds
[2024-10-09T15:48:13.494+0000] {processor.py:186} INFO - Started process (PID=2079) to work on /opt/airflow/dags/hello_world.py
[2024-10-09T15:48:13.494+0000] {processor.py:914} INFO - Processing file /opt/airflow/dags/hello_world.py for tasks to queue
[2024-10-09T15:48:13.496+0000] {logging_mixin.py:190} INFO - [2024-10-09T15:48:13.495+0000] {dagbag.py:588} INFO - Filling up the DagBag from /opt/airflow/dags/hello_world.py
[2024-10-09T15:48:13.505+0000] {processor.py:925} INFO - DAG(s) 'hello_dani' retrieved from /opt/airflow/dags/hello_world.py
[2024-10-09T15:48:13.524+0000] {logging_mixin.py:190} INFO - [2024-10-09T15:48:13.524+0000] {dag.py:3239} INFO - Sync 1 DAGs
[2024-10-09T15:48:13.548+0000] {logging_mixin.py:190} INFO - [2024-10-09T15:48:13.548+0000] {dag.py:4180} INFO - Setting next_dagrun for hello_dani to 2024-10-09 00:00:00+00:00, run_after=2024-10-10 00:00:00+00:00
[2024-10-09T15:48:13.569+0000] {processor.py:208} INFO - Processing /opt/airflow/dags/hello_world.py took 0.079 seconds
[2024-10-09T15:48:44.534+0000] {processor.py:186} INFO - Started process (PID=2143) to work on /opt/airflow/dags/hello_world.py
[2024-10-09T15:48:44.534+0000] {processor.py:914} INFO - Processing file /opt/airflow/dags/hello_world.py for tasks to queue
[2024-10-09T15:48:44.535+0000] {logging_mixin.py:190} INFO - [2024-10-09T15:48:44.535+0000] {dagbag.py:588} INFO - Filling up the DagBag from /opt/airflow/dags/hello_world.py
[2024-10-09T15:48:44.542+0000] {processor.py:925} INFO - DAG(s) 'hello_dani' retrieved from /opt/airflow/dags/hello_world.py
[2024-10-09T15:48:44.555+0000] {logging_mixin.py:190} INFO - [2024-10-09T15:48:44.554+0000] {dag.py:3239} INFO - Sync 1 DAGs
[2024-10-09T15:48:44.573+0000] {logging_mixin.py:190} INFO - [2024-10-09T15:48:44.573+0000] {dag.py:4180} INFO - Setting next_dagrun for hello_dani to 2024-10-09 00:00:00+00:00, run_after=2024-10-10 00:00:00+00:00
[2024-10-09T15:48:44.589+0000] {processor.py:208} INFO - Processing /opt/airflow/dags/hello_world.py took 0.059 seconds
[2024-10-09T15:49:15.027+0000] {processor.py:186} INFO - Started process (PID=2206) to work on /opt/airflow/dags/hello_world.py
[2024-10-09T15:49:15.028+0000] {processor.py:914} INFO - Processing file /opt/airflow/dags/hello_world.py for tasks to queue
[2024-10-09T15:49:15.029+0000] {logging_mixin.py:190} INFO - [2024-10-09T15:49:15.029+0000] {dagbag.py:588} INFO - Filling up the DagBag from /opt/airflow/dags/hello_world.py
[2024-10-09T15:49:15.035+0000] {processor.py:925} INFO - DAG(s) 'hello_dani' retrieved from /opt/airflow/dags/hello_world.py
[2024-10-09T15:49:15.049+0000] {logging_mixin.py:190} INFO - [2024-10-09T15:49:15.049+0000] {dag.py:3239} INFO - Sync 1 DAGs
[2024-10-09T15:49:15.068+0000] {logging_mixin.py:190} INFO - [2024-10-09T15:49:15.067+0000] {dag.py:4180} INFO - Setting next_dagrun for hello_dani to 2024-10-09 00:00:00+00:00, run_after=2024-10-10 00:00:00+00:00
[2024-10-09T15:49:15.085+0000] {processor.py:208} INFO - Processing /opt/airflow/dags/hello_world.py took 0.062 seconds
[2024-10-09T15:49:45.725+0000] {processor.py:186} INFO - Started process (PID=2269) to work on /opt/airflow/dags/hello_world.py
[2024-10-09T15:49:45.726+0000] {processor.py:914} INFO - Processing file /opt/airflow/dags/hello_world.py for tasks to queue
[2024-10-09T15:49:45.727+0000] {logging_mixin.py:190} INFO - [2024-10-09T15:49:45.726+0000] {dagbag.py:588} INFO - Filling up the DagBag from /opt/airflow/dags/hello_world.py
[2024-10-09T15:49:45.734+0000] {processor.py:925} INFO - DAG(s) 'hello_dani' retrieved from /opt/airflow/dags/hello_world.py
[2024-10-09T15:49:45.746+0000] {logging_mixin.py:190} INFO - [2024-10-09T15:49:45.746+0000] {dag.py:3239} INFO - Sync 1 DAGs
[2024-10-09T15:49:45.765+0000] {logging_mixin.py:190} INFO - [2024-10-09T15:49:45.765+0000] {dag.py:4180} INFO - Setting next_dagrun for hello_dani to 2024-10-09 00:00:00+00:00, run_after=2024-10-10 00:00:00+00:00
[2024-10-09T15:49:45.785+0000] {processor.py:208} INFO - Processing /opt/airflow/dags/hello_world.py took 0.064 seconds
[2024-10-09T15:50:16.335+0000] {processor.py:186} INFO - Started process (PID=2333) to work on /opt/airflow/dags/hello_world.py
[2024-10-09T15:50:16.335+0000] {processor.py:914} INFO - Processing file /opt/airflow/dags/hello_world.py for tasks to queue
[2024-10-09T15:50:16.336+0000] {logging_mixin.py:190} INFO - [2024-10-09T15:50:16.336+0000] {dagbag.py:588} INFO - Filling up the DagBag from /opt/airflow/dags/hello_world.py
[2024-10-09T15:50:16.343+0000] {processor.py:925} INFO - DAG(s) 'hello_dani' retrieved from /opt/airflow/dags/hello_world.py
[2024-10-09T15:50:16.356+0000] {logging_mixin.py:190} INFO - [2024-10-09T15:50:16.356+0000] {dag.py:3239} INFO - Sync 1 DAGs
[2024-10-09T15:50:16.375+0000] {logging_mixin.py:190} INFO - [2024-10-09T15:50:16.375+0000] {dag.py:4180} INFO - Setting next_dagrun for hello_dani to 2024-10-09 00:00:00+00:00, run_after=2024-10-10 00:00:00+00:00
[2024-10-09T15:50:16.395+0000] {processor.py:208} INFO - Processing /opt/airflow/dags/hello_world.py took 0.064 seconds
[2024-10-09T15:50:46.633+0000] {processor.py:186} INFO - Started process (PID=2396) to work on /opt/airflow/dags/hello_world.py
[2024-10-09T15:50:46.634+0000] {processor.py:914} INFO - Processing file /opt/airflow/dags/hello_world.py for tasks to queue
[2024-10-09T15:50:46.635+0000] {logging_mixin.py:190} INFO - [2024-10-09T15:50:46.635+0000] {dagbag.py:588} INFO - Filling up the DagBag from /opt/airflow/dags/hello_world.py
[2024-10-09T15:50:46.642+0000] {processor.py:925} INFO - DAG(s) 'hello_dani' retrieved from /opt/airflow/dags/hello_world.py
[2024-10-09T15:50:46.655+0000] {logging_mixin.py:190} INFO - [2024-10-09T15:50:46.655+0000] {dag.py:3239} INFO - Sync 1 DAGs
[2024-10-09T15:50:46.674+0000] {logging_mixin.py:190} INFO - [2024-10-09T15:50:46.674+0000] {dag.py:4180} INFO - Setting next_dagrun for hello_dani to 2024-10-09 00:00:00+00:00, run_after=2024-10-10 00:00:00+00:00
[2024-10-09T15:50:46.692+0000] {processor.py:208} INFO - Processing /opt/airflow/dags/hello_world.py took 0.063 seconds
[2024-10-09T15:51:17.449+0000] {processor.py:186} INFO - Started process (PID=2459) to work on /opt/airflow/dags/hello_world.py
[2024-10-09T15:51:17.449+0000] {processor.py:914} INFO - Processing file /opt/airflow/dags/hello_world.py for tasks to queue
[2024-10-09T15:51:17.450+0000] {logging_mixin.py:190} INFO - [2024-10-09T15:51:17.450+0000] {dagbag.py:588} INFO - Filling up the DagBag from /opt/airflow/dags/hello_world.py
[2024-10-09T15:51:17.457+0000] {processor.py:925} INFO - DAG(s) 'hello_dani' retrieved from /opt/airflow/dags/hello_world.py
[2024-10-09T15:51:17.472+0000] {logging_mixin.py:190} INFO - [2024-10-09T15:51:17.471+0000] {dag.py:3239} INFO - Sync 1 DAGs
[2024-10-09T15:51:17.491+0000] {logging_mixin.py:190} INFO - [2024-10-09T15:51:17.490+0000] {dag.py:4180} INFO - Setting next_dagrun for hello_dani to 2024-10-09 00:00:00+00:00, run_after=2024-10-10 00:00:00+00:00
[2024-10-09T15:51:17.507+0000] {processor.py:208} INFO - Processing /opt/airflow/dags/hello_world.py took 0.063 seconds
[2024-10-09T15:51:48.082+0000] {processor.py:186} INFO - Started process (PID=2522) to work on /opt/airflow/dags/hello_world.py
[2024-10-09T15:51:48.082+0000] {processor.py:914} INFO - Processing file /opt/airflow/dags/hello_world.py for tasks to queue
[2024-10-09T15:51:48.083+0000] {logging_mixin.py:190} INFO - [2024-10-09T15:51:48.083+0000] {dagbag.py:588} INFO - Filling up the DagBag from /opt/airflow/dags/hello_world.py
[2024-10-09T15:51:48.090+0000] {processor.py:925} INFO - DAG(s) 'hello_dani' retrieved from /opt/airflow/dags/hello_world.py
[2024-10-09T15:51:48.104+0000] {logging_mixin.py:190} INFO - [2024-10-09T15:51:48.104+0000] {dag.py:3239} INFO - Sync 1 DAGs
[2024-10-09T15:51:48.123+0000] {logging_mixin.py:190} INFO - [2024-10-09T15:51:48.123+0000] {dag.py:4180} INFO - Setting next_dagrun for hello_dani to 2024-10-09 00:00:00+00:00, run_after=2024-10-10 00:00:00+00:00
[2024-10-09T15:51:48.140+0000] {processor.py:208} INFO - Processing /opt/airflow/dags/hello_world.py took 0.063 seconds
[2024-10-09T15:52:18.567+0000] {processor.py:186} INFO - Started process (PID=2585) to work on /opt/airflow/dags/hello_world.py
[2024-10-09T15:52:18.568+0000] {processor.py:914} INFO - Processing file /opt/airflow/dags/hello_world.py for tasks to queue
[2024-10-09T15:52:18.569+0000] {logging_mixin.py:190} INFO - [2024-10-09T15:52:18.569+0000] {dagbag.py:588} INFO - Filling up the DagBag from /opt/airflow/dags/hello_world.py
[2024-10-09T15:52:18.579+0000] {processor.py:925} INFO - DAG(s) 'hello_dani' retrieved from /opt/airflow/dags/hello_world.py
[2024-10-09T15:52:18.596+0000] {logging_mixin.py:190} INFO - [2024-10-09T15:52:18.596+0000] {dag.py:3239} INFO - Sync 1 DAGs
[2024-10-09T15:52:18.616+0000] {logging_mixin.py:190} INFO - [2024-10-09T15:52:18.615+0000] {dag.py:4180} INFO - Setting next_dagrun for hello_dani to 2024-10-09 00:00:00+00:00, run_after=2024-10-10 00:00:00+00:00
[2024-10-09T15:52:18.632+0000] {processor.py:208} INFO - Processing /opt/airflow/dags/hello_world.py took 0.069 seconds
[2024-10-09T15:52:48.896+0000] {processor.py:186} INFO - Started process (PID=2648) to work on /opt/airflow/dags/hello_world.py
[2024-10-09T15:52:48.897+0000] {processor.py:914} INFO - Processing file /opt/airflow/dags/hello_world.py for tasks to queue
[2024-10-09T15:52:48.898+0000] {logging_mixin.py:190} INFO - [2024-10-09T15:52:48.898+0000] {dagbag.py:588} INFO - Filling up the DagBag from /opt/airflow/dags/hello_world.py
[2024-10-09T15:52:48.908+0000] {processor.py:925} INFO - DAG(s) 'hello_dani' retrieved from /opt/airflow/dags/hello_world.py
[2024-10-09T15:52:48.929+0000] {logging_mixin.py:190} INFO - [2024-10-09T15:52:48.929+0000] {dag.py:3239} INFO - Sync 1 DAGs
[2024-10-09T15:52:48.964+0000] {logging_mixin.py:190} INFO - [2024-10-09T15:52:48.964+0000] {dag.py:4180} INFO - Setting next_dagrun for hello_dani to 2024-10-09 00:00:00+00:00, run_after=2024-10-10 00:00:00+00:00
[2024-10-09T15:52:48.990+0000] {processor.py:208} INFO - Processing /opt/airflow/dags/hello_world.py took 0.100 seconds
[2024-10-09T15:53:19.444+0000] {processor.py:186} INFO - Started process (PID=2711) to work on /opt/airflow/dags/hello_world.py
[2024-10-09T15:53:19.444+0000] {processor.py:914} INFO - Processing file /opt/airflow/dags/hello_world.py for tasks to queue
[2024-10-09T15:53:19.445+0000] {logging_mixin.py:190} INFO - [2024-10-09T15:53:19.445+0000] {dagbag.py:588} INFO - Filling up the DagBag from /opt/airflow/dags/hello_world.py
[2024-10-09T15:53:19.452+0000] {processor.py:925} INFO - DAG(s) 'hello_dani' retrieved from /opt/airflow/dags/hello_world.py
[2024-10-09T15:53:19.466+0000] {logging_mixin.py:190} INFO - [2024-10-09T15:53:19.466+0000] {dag.py:3239} INFO - Sync 1 DAGs
[2024-10-09T15:53:19.484+0000] {logging_mixin.py:190} INFO - [2024-10-09T15:53:19.484+0000] {dag.py:4180} INFO - Setting next_dagrun for hello_dani to 2024-10-09 00:00:00+00:00, run_after=2024-10-10 00:00:00+00:00
[2024-10-09T15:53:19.505+0000] {processor.py:208} INFO - Processing /opt/airflow/dags/hello_world.py took 0.065 seconds
[2024-10-09T15:53:49.847+0000] {processor.py:186} INFO - Started process (PID=2775) to work on /opt/airflow/dags/hello_world.py
[2024-10-09T15:53:49.848+0000] {processor.py:914} INFO - Processing file /opt/airflow/dags/hello_world.py for tasks to queue
[2024-10-09T15:53:49.849+0000] {logging_mixin.py:190} INFO - [2024-10-09T15:53:49.848+0000] {dagbag.py:588} INFO - Filling up the DagBag from /opt/airflow/dags/hello_world.py
[2024-10-09T15:53:49.855+0000] {processor.py:925} INFO - DAG(s) 'hello_dani' retrieved from /opt/airflow/dags/hello_world.py
[2024-10-09T15:53:49.870+0000] {logging_mixin.py:190} INFO - [2024-10-09T15:53:49.870+0000] {dag.py:3239} INFO - Sync 1 DAGs
[2024-10-09T15:53:49.889+0000] {logging_mixin.py:190} INFO - [2024-10-09T15:53:49.889+0000] {dag.py:4180} INFO - Setting next_dagrun for hello_dani to 2024-10-09 00:00:00+00:00, run_after=2024-10-10 00:00:00+00:00
[2024-10-09T15:53:49.908+0000] {processor.py:208} INFO - Processing /opt/airflow/dags/hello_world.py took 0.065 seconds
[2024-10-09T15:54:20.328+0000] {processor.py:186} INFO - Started process (PID=2838) to work on /opt/airflow/dags/hello_world.py
[2024-10-09T15:54:20.329+0000] {processor.py:914} INFO - Processing file /opt/airflow/dags/hello_world.py for tasks to queue
[2024-10-09T15:54:20.330+0000] {logging_mixin.py:190} INFO - [2024-10-09T15:54:20.330+0000] {dagbag.py:588} INFO - Filling up the DagBag from /opt/airflow/dags/hello_world.py
[2024-10-09T15:54:20.337+0000] {processor.py:925} INFO - DAG(s) 'hello_dani' retrieved from /opt/airflow/dags/hello_world.py
[2024-10-09T15:54:20.350+0000] {logging_mixin.py:190} INFO - [2024-10-09T15:54:20.350+0000] {dag.py:3239} INFO - Sync 1 DAGs
[2024-10-09T15:54:20.369+0000] {logging_mixin.py:190} INFO - [2024-10-09T15:54:20.369+0000] {dag.py:4180} INFO - Setting next_dagrun for hello_dani to 2024-10-09 00:00:00+00:00, run_after=2024-10-10 00:00:00+00:00
[2024-10-09T15:54:20.385+0000] {processor.py:208} INFO - Processing /opt/airflow/dags/hello_world.py took 0.061 seconds
[2024-10-09T15:54:50.740+0000] {processor.py:186} INFO - Started process (PID=2901) to work on /opt/airflow/dags/hello_world.py
[2024-10-09T15:54:50.740+0000] {processor.py:914} INFO - Processing file /opt/airflow/dags/hello_world.py for tasks to queue
[2024-10-09T15:54:50.741+0000] {logging_mixin.py:190} INFO - [2024-10-09T15:54:50.741+0000] {dagbag.py:588} INFO - Filling up the DagBag from /opt/airflow/dags/hello_world.py
[2024-10-09T15:54:50.747+0000] {processor.py:925} INFO - DAG(s) 'hello_dani' retrieved from /opt/airflow/dags/hello_world.py
[2024-10-09T15:54:50.761+0000] {logging_mixin.py:190} INFO - [2024-10-09T15:54:50.760+0000] {dag.py:3239} INFO - Sync 1 DAGs
[2024-10-09T15:54:50.780+0000] {logging_mixin.py:190} INFO - [2024-10-09T15:54:50.780+0000] {dag.py:4180} INFO - Setting next_dagrun for hello_dani to 2024-10-09 00:00:00+00:00, run_after=2024-10-10 00:00:00+00:00
[2024-10-09T15:54:50.797+0000] {processor.py:208} INFO - Processing /opt/airflow/dags/hello_world.py took 0.061 seconds
[2024-10-09T15:55:21.081+0000] {processor.py:186} INFO - Started process (PID=2965) to work on /opt/airflow/dags/hello_world.py
[2024-10-09T15:55:21.082+0000] {processor.py:914} INFO - Processing file /opt/airflow/dags/hello_world.py for tasks to queue
[2024-10-09T15:55:21.083+0000] {logging_mixin.py:190} INFO - [2024-10-09T15:55:21.083+0000] {dagbag.py:588} INFO - Filling up the DagBag from /opt/airflow/dags/hello_world.py
[2024-10-09T15:55:21.089+0000] {processor.py:925} INFO - DAG(s) 'hello_dani' retrieved from /opt/airflow/dags/hello_world.py
[2024-10-09T15:55:21.103+0000] {logging_mixin.py:190} INFO - [2024-10-09T15:55:21.102+0000] {dag.py:3239} INFO - Sync 1 DAGs
[2024-10-09T15:55:21.121+0000] {logging_mixin.py:190} INFO - [2024-10-09T15:55:21.121+0000] {dag.py:4180} INFO - Setting next_dagrun for hello_dani to 2024-10-09 00:00:00+00:00, run_after=2024-10-10 00:00:00+00:00
[2024-10-09T15:55:21.142+0000] {processor.py:208} INFO - Processing /opt/airflow/dags/hello_world.py took 0.065 seconds
[2024-10-09T15:55:51.452+0000] {processor.py:186} INFO - Started process (PID=3028) to work on /opt/airflow/dags/hello_world.py
[2024-10-09T15:55:51.452+0000] {processor.py:914} INFO - Processing file /opt/airflow/dags/hello_world.py for tasks to queue
[2024-10-09T15:55:51.453+0000] {logging_mixin.py:190} INFO - [2024-10-09T15:55:51.453+0000] {dagbag.py:588} INFO - Filling up the DagBag from /opt/airflow/dags/hello_world.py
[2024-10-09T15:55:51.460+0000] {processor.py:925} INFO - DAG(s) 'hello_dani' retrieved from /opt/airflow/dags/hello_world.py
[2024-10-09T15:55:51.474+0000] {logging_mixin.py:190} INFO - [2024-10-09T15:55:51.474+0000] {dag.py:3239} INFO - Sync 1 DAGs
[2024-10-09T15:55:51.492+0000] {logging_mixin.py:190} INFO - [2024-10-09T15:55:51.492+0000] {dag.py:4180} INFO - Setting next_dagrun for hello_dani to 2024-10-09 00:00:00+00:00, run_after=2024-10-10 00:00:00+00:00
[2024-10-09T15:55:51.509+0000] {processor.py:208} INFO - Processing /opt/airflow/dags/hello_world.py took 0.061 seconds
[2024-10-09T15:56:21.605+0000] {processor.py:186} INFO - Started process (PID=3091) to work on /opt/airflow/dags/hello_world.py
[2024-10-09T15:56:21.606+0000] {processor.py:914} INFO - Processing file /opt/airflow/dags/hello_world.py for tasks to queue
[2024-10-09T15:56:21.607+0000] {logging_mixin.py:190} INFO - [2024-10-09T15:56:21.606+0000] {dagbag.py:588} INFO - Filling up the DagBag from /opt/airflow/dags/hello_world.py
[2024-10-09T15:56:21.613+0000] {processor.py:925} INFO - DAG(s) 'hello_dani' retrieved from /opt/airflow/dags/hello_world.py
[2024-10-09T15:56:21.627+0000] {logging_mixin.py:190} INFO - [2024-10-09T15:56:21.627+0000] {dag.py:3239} INFO - Sync 1 DAGs
[2024-10-09T15:56:21.646+0000] {logging_mixin.py:190} INFO - [2024-10-09T15:56:21.646+0000] {dag.py:4180} INFO - Setting next_dagrun for hello_dani to 2024-10-09 00:00:00+00:00, run_after=2024-10-10 00:00:00+00:00
[2024-10-09T15:56:21.663+0000] {processor.py:208} INFO - Processing /opt/airflow/dags/hello_world.py took 0.062 seconds
[2024-10-09T15:56:52.022+0000] {processor.py:186} INFO - Started process (PID=3154) to work on /opt/airflow/dags/hello_world.py
[2024-10-09T15:56:52.023+0000] {processor.py:914} INFO - Processing file /opt/airflow/dags/hello_world.py for tasks to queue
[2024-10-09T15:56:52.024+0000] {logging_mixin.py:190} INFO - [2024-10-09T15:56:52.023+0000] {dagbag.py:588} INFO - Filling up the DagBag from /opt/airflow/dags/hello_world.py
[2024-10-09T15:56:52.030+0000] {processor.py:925} INFO - DAG(s) 'hello_dani' retrieved from /opt/airflow/dags/hello_world.py
[2024-10-09T15:56:52.044+0000] {logging_mixin.py:190} INFO - [2024-10-09T15:56:52.044+0000] {dag.py:3239} INFO - Sync 1 DAGs
[2024-10-09T15:56:52.063+0000] {logging_mixin.py:190} INFO - [2024-10-09T15:56:52.063+0000] {dag.py:4180} INFO - Setting next_dagrun for hello_dani to 2024-10-09 00:00:00+00:00, run_after=2024-10-10 00:00:00+00:00
[2024-10-09T15:56:52.216+0000] {processor.py:208} INFO - Processing /opt/airflow/dags/hello_world.py took 0.198 seconds
[2024-10-09T15:57:22.447+0000] {processor.py:186} INFO - Started process (PID=3217) to work on /opt/airflow/dags/hello_world.py
[2024-10-09T15:57:22.448+0000] {processor.py:914} INFO - Processing file /opt/airflow/dags/hello_world.py for tasks to queue
[2024-10-09T15:57:22.449+0000] {logging_mixin.py:190} INFO - [2024-10-09T15:57:22.449+0000] {dagbag.py:588} INFO - Filling up the DagBag from /opt/airflow/dags/hello_world.py
[2024-10-09T15:57:22.455+0000] {processor.py:925} INFO - DAG(s) 'hello_dani' retrieved from /opt/airflow/dags/hello_world.py
[2024-10-09T15:57:22.469+0000] {logging_mixin.py:190} INFO - [2024-10-09T15:57:22.469+0000] {dag.py:3239} INFO - Sync 1 DAGs
[2024-10-09T15:57:22.488+0000] {logging_mixin.py:190} INFO - [2024-10-09T15:57:22.488+0000] {dag.py:4180} INFO - Setting next_dagrun for hello_dani to 2024-10-09 00:00:00+00:00, run_after=2024-10-10 00:00:00+00:00
[2024-10-09T15:57:22.508+0000] {processor.py:208} INFO - Processing /opt/airflow/dags/hello_world.py took 0.065 seconds
[2024-10-09T15:57:52.556+0000] {processor.py:186} INFO - Started process (PID=3281) to work on /opt/airflow/dags/hello_world.py
[2024-10-09T15:57:52.557+0000] {processor.py:914} INFO - Processing file /opt/airflow/dags/hello_world.py for tasks to queue
[2024-10-09T15:57:52.558+0000] {logging_mixin.py:190} INFO - [2024-10-09T15:57:52.557+0000] {dagbag.py:588} INFO - Filling up the DagBag from /opt/airflow/dags/hello_world.py
[2024-10-09T15:57:52.564+0000] {processor.py:925} INFO - DAG(s) 'hello_dani' retrieved from /opt/airflow/dags/hello_world.py
[2024-10-09T15:57:52.578+0000] {logging_mixin.py:190} INFO - [2024-10-09T15:57:52.577+0000] {dag.py:3239} INFO - Sync 1 DAGs
[2024-10-09T15:57:52.596+0000] {logging_mixin.py:190} INFO - [2024-10-09T15:57:52.596+0000] {dag.py:4180} INFO - Setting next_dagrun for hello_dani to 2024-10-09 00:00:00+00:00, run_after=2024-10-10 00:00:00+00:00
[2024-10-09T15:57:52.613+0000] {processor.py:208} INFO - Processing /opt/airflow/dags/hello_world.py took 0.061 seconds
[2024-10-09T15:58:23.226+0000] {processor.py:186} INFO - Started process (PID=3345) to work on /opt/airflow/dags/hello_world.py
[2024-10-09T15:58:23.227+0000] {processor.py:914} INFO - Processing file /opt/airflow/dags/hello_world.py for tasks to queue
[2024-10-09T15:58:23.227+0000] {logging_mixin.py:190} INFO - [2024-10-09T15:58:23.227+0000] {dagbag.py:588} INFO - Filling up the DagBag from /opt/airflow/dags/hello_world.py
[2024-10-09T15:58:23.234+0000] {processor.py:925} INFO - DAG(s) 'hello_dani' retrieved from /opt/airflow/dags/hello_world.py
[2024-10-09T15:58:23.248+0000] {logging_mixin.py:190} INFO - [2024-10-09T15:58:23.248+0000] {dag.py:3239} INFO - Sync 1 DAGs
[2024-10-09T15:58:23.267+0000] {logging_mixin.py:190} INFO - [2024-10-09T15:58:23.267+0000] {dag.py:4180} INFO - Setting next_dagrun for hello_dani to 2024-10-09 00:00:00+00:00, run_after=2024-10-10 00:00:00+00:00
[2024-10-09T15:58:23.284+0000] {processor.py:208} INFO - Processing /opt/airflow/dags/hello_world.py took 0.064 seconds
[2024-10-09T15:58:53.373+0000] {processor.py:186} INFO - Started process (PID=3408) to work on /opt/airflow/dags/hello_world.py
[2024-10-09T15:58:53.373+0000] {processor.py:914} INFO - Processing file /opt/airflow/dags/hello_world.py for tasks to queue
[2024-10-09T15:58:53.374+0000] {logging_mixin.py:190} INFO - [2024-10-09T15:58:53.374+0000] {dagbag.py:588} INFO - Filling up the DagBag from /opt/airflow/dags/hello_world.py
[2024-10-09T15:58:53.381+0000] {processor.py:925} INFO - DAG(s) 'hello_dani' retrieved from /opt/airflow/dags/hello_world.py
[2024-10-09T15:58:53.398+0000] {logging_mixin.py:190} INFO - [2024-10-09T15:58:53.398+0000] {dag.py:3239} INFO - Sync 1 DAGs
[2024-10-09T15:58:53.424+0000] {logging_mixin.py:190} INFO - [2024-10-09T15:58:53.424+0000] {dag.py:4180} INFO - Setting next_dagrun for hello_dani to 2024-10-09 00:00:00+00:00, run_after=2024-10-10 00:00:00+00:00
[2024-10-09T15:58:53.445+0000] {processor.py:208} INFO - Processing /opt/airflow/dags/hello_world.py took 0.076 seconds
[2024-10-09T15:59:23.522+0000] {processor.py:186} INFO - Started process (PID=3470) to work on /opt/airflow/dags/hello_world.py
[2024-10-09T15:59:23.523+0000] {processor.py:914} INFO - Processing file /opt/airflow/dags/hello_world.py for tasks to queue
[2024-10-09T15:59:23.524+0000] {logging_mixin.py:190} INFO - [2024-10-09T15:59:23.524+0000] {dagbag.py:588} INFO - Filling up the DagBag from /opt/airflow/dags/hello_world.py
[2024-10-09T15:59:23.532+0000] {processor.py:925} INFO - DAG(s) 'hello_dani' retrieved from /opt/airflow/dags/hello_world.py
[2024-10-09T15:59:23.546+0000] {logging_mixin.py:190} INFO - [2024-10-09T15:59:23.546+0000] {dag.py:3239} INFO - Sync 1 DAGs
[2024-10-09T15:59:23.566+0000] {logging_mixin.py:190} INFO - [2024-10-09T15:59:23.566+0000] {dag.py:4180} INFO - Setting next_dagrun for hello_dani to 2024-10-09 00:00:00+00:00, run_after=2024-10-10 00:00:00+00:00
[2024-10-09T15:59:23.584+0000] {processor.py:208} INFO - Processing /opt/airflow/dags/hello_world.py took 0.067 seconds
[2024-10-09T15:59:54.435+0000] {processor.py:186} INFO - Started process (PID=3533) to work on /opt/airflow/dags/hello_world.py
[2024-10-09T15:59:54.439+0000] {processor.py:914} INFO - Processing file /opt/airflow/dags/hello_world.py for tasks to queue
[2024-10-09T15:59:54.440+0000] {logging_mixin.py:190} INFO - [2024-10-09T15:59:54.440+0000] {dagbag.py:588} INFO - Filling up the DagBag from /opt/airflow/dags/hello_world.py
[2024-10-09T15:59:54.449+0000] {processor.py:925} INFO - DAG(s) 'hello_dani' retrieved from /opt/airflow/dags/hello_world.py
[2024-10-09T15:59:54.468+0000] {logging_mixin.py:190} INFO - [2024-10-09T15:59:54.468+0000] {dag.py:3239} INFO - Sync 1 DAGs
[2024-10-09T15:59:54.495+0000] {logging_mixin.py:190} INFO - [2024-10-09T15:59:54.495+0000] {dag.py:4180} INFO - Setting next_dagrun for hello_dani to 2024-10-09 00:00:00+00:00, run_after=2024-10-10 00:00:00+00:00
[2024-10-09T15:59:54.521+0000] {processor.py:208} INFO - Processing /opt/airflow/dags/hello_world.py took 0.092 seconds
[2024-10-09T16:00:24.667+0000] {processor.py:186} INFO - Started process (PID=3596) to work on /opt/airflow/dags/hello_world.py
[2024-10-09T16:00:24.668+0000] {processor.py:914} INFO - Processing file /opt/airflow/dags/hello_world.py for tasks to queue
[2024-10-09T16:00:24.669+0000] {logging_mixin.py:190} INFO - [2024-10-09T16:00:24.669+0000] {dagbag.py:588} INFO - Filling up the DagBag from /opt/airflow/dags/hello_world.py
[2024-10-09T16:00:24.678+0000] {processor.py:925} INFO - DAG(s) 'hello_dani' retrieved from /opt/airflow/dags/hello_world.py
[2024-10-09T16:00:24.693+0000] {logging_mixin.py:190} INFO - [2024-10-09T16:00:24.693+0000] {dag.py:3239} INFO - Sync 1 DAGs
[2024-10-09T16:00:24.713+0000] {logging_mixin.py:190} INFO - [2024-10-09T16:00:24.713+0000] {dag.py:4180} INFO - Setting next_dagrun for hello_dani to 2024-10-09 00:00:00+00:00, run_after=2024-10-10 00:00:00+00:00
[2024-10-09T16:00:24.730+0000] {processor.py:208} INFO - Processing /opt/airflow/dags/hello_world.py took 0.069 seconds
[2024-10-09T16:00:55.025+0000] {processor.py:186} INFO - Started process (PID=3659) to work on /opt/airflow/dags/hello_world.py
[2024-10-09T16:00:55.026+0000] {processor.py:914} INFO - Processing file /opt/airflow/dags/hello_world.py for tasks to queue
[2024-10-09T16:00:55.026+0000] {logging_mixin.py:190} INFO - [2024-10-09T16:00:55.026+0000] {dagbag.py:588} INFO - Filling up the DagBag from /opt/airflow/dags/hello_world.py
[2024-10-09T16:00:55.033+0000] {processor.py:925} INFO - DAG(s) 'hello_dani' retrieved from /opt/airflow/dags/hello_world.py
[2024-10-09T16:00:55.050+0000] {logging_mixin.py:190} INFO - [2024-10-09T16:00:55.050+0000] {dag.py:3239} INFO - Sync 1 DAGs
[2024-10-09T16:00:55.077+0000] {logging_mixin.py:190} INFO - [2024-10-09T16:00:55.076+0000] {dag.py:4180} INFO - Setting next_dagrun for hello_dani to 2024-10-09 00:00:00+00:00, run_after=2024-10-10 00:00:00+00:00
[2024-10-09T16:00:55.098+0000] {processor.py:208} INFO - Processing /opt/airflow/dags/hello_world.py took 0.077 seconds
[2024-10-09T16:01:25.215+0000] {processor.py:186} INFO - Started process (PID=3722) to work on /opt/airflow/dags/hello_world.py
[2024-10-09T16:01:25.215+0000] {processor.py:914} INFO - Processing file /opt/airflow/dags/hello_world.py for tasks to queue
[2024-10-09T16:01:25.216+0000] {logging_mixin.py:190} INFO - [2024-10-09T16:01:25.216+0000] {dagbag.py:588} INFO - Filling up the DagBag from /opt/airflow/dags/hello_world.py
[2024-10-09T16:01:25.223+0000] {processor.py:925} INFO - DAG(s) 'hello_dani' retrieved from /opt/airflow/dags/hello_world.py
[2024-10-09T16:01:25.237+0000] {logging_mixin.py:190} INFO - [2024-10-09T16:01:25.237+0000] {dag.py:3239} INFO - Sync 1 DAGs
[2024-10-09T16:01:25.256+0000] {logging_mixin.py:190} INFO - [2024-10-09T16:01:25.256+0000] {dag.py:4180} INFO - Setting next_dagrun for hello_dani to 2024-10-09 00:00:00+00:00, run_after=2024-10-10 00:00:00+00:00
[2024-10-09T16:01:25.273+0000] {processor.py:208} INFO - Processing /opt/airflow/dags/hello_world.py took 0.063 seconds
[2024-10-09T16:01:55.553+0000] {processor.py:186} INFO - Started process (PID=3785) to work on /opt/airflow/dags/hello_world.py
[2024-10-09T16:01:55.554+0000] {processor.py:914} INFO - Processing file /opt/airflow/dags/hello_world.py for tasks to queue
[2024-10-09T16:01:55.555+0000] {logging_mixin.py:190} INFO - [2024-10-09T16:01:55.554+0000] {dagbag.py:588} INFO - Filling up the DagBag from /opt/airflow/dags/hello_world.py
[2024-10-09T16:01:55.561+0000] {processor.py:925} INFO - DAG(s) 'hello_dani' retrieved from /opt/airflow/dags/hello_world.py
[2024-10-09T16:01:55.575+0000] {logging_mixin.py:190} INFO - [2024-10-09T16:01:55.575+0000] {dag.py:3239} INFO - Sync 1 DAGs
[2024-10-09T16:01:55.594+0000] {logging_mixin.py:190} INFO - [2024-10-09T16:01:55.594+0000] {dag.py:4180} INFO - Setting next_dagrun for hello_dani to 2024-10-09 00:00:00+00:00, run_after=2024-10-10 00:00:00+00:00
[2024-10-09T16:01:55.613+0000] {processor.py:208} INFO - Processing /opt/airflow/dags/hello_world.py took 0.065 seconds
[2024-10-09T16:02:25.655+0000] {processor.py:186} INFO - Started process (PID=3849) to work on /opt/airflow/dags/hello_world.py
[2024-10-09T16:02:25.655+0000] {processor.py:914} INFO - Processing file /opt/airflow/dags/hello_world.py for tasks to queue
[2024-10-09T16:02:25.656+0000] {logging_mixin.py:190} INFO - [2024-10-09T16:02:25.656+0000] {dagbag.py:588} INFO - Filling up the DagBag from /opt/airflow/dags/hello_world.py
[2024-10-09T16:02:25.663+0000] {processor.py:925} INFO - DAG(s) 'hello_dani' retrieved from /opt/airflow/dags/hello_world.py
[2024-10-09T16:02:25.677+0000] {logging_mixin.py:190} INFO - [2024-10-09T16:02:25.677+0000] {dag.py:3239} INFO - Sync 1 DAGs
[2024-10-09T16:02:25.696+0000] {logging_mixin.py:190} INFO - [2024-10-09T16:02:25.696+0000] {dag.py:4180} INFO - Setting next_dagrun for hello_dani to 2024-10-09 00:00:00+00:00, run_after=2024-10-10 00:00:00+00:00
[2024-10-09T16:02:25.713+0000] {processor.py:208} INFO - Processing /opt/airflow/dags/hello_world.py took 0.063 seconds
[2024-10-09T16:02:55.765+0000] {processor.py:186} INFO - Started process (PID=3912) to work on /opt/airflow/dags/hello_world.py
[2024-10-09T16:02:55.765+0000] {processor.py:914} INFO - Processing file /opt/airflow/dags/hello_world.py for tasks to queue
[2024-10-09T16:02:55.766+0000] {logging_mixin.py:190} INFO - [2024-10-09T16:02:55.766+0000] {dagbag.py:588} INFO - Filling up the DagBag from /opt/airflow/dags/hello_world.py
[2024-10-09T16:02:55.773+0000] {processor.py:925} INFO - DAG(s) 'hello_dani' retrieved from /opt/airflow/dags/hello_world.py
[2024-10-09T16:02:55.789+0000] {logging_mixin.py:190} INFO - [2024-10-09T16:02:55.788+0000] {dag.py:3239} INFO - Sync 1 DAGs
[2024-10-09T16:02:55.808+0000] {logging_mixin.py:190} INFO - [2024-10-09T16:02:55.807+0000] {dag.py:4180} INFO - Setting next_dagrun for hello_dani to 2024-10-09 00:00:00+00:00, run_after=2024-10-10 00:00:00+00:00
[2024-10-09T16:02:55.825+0000] {processor.py:208} INFO - Processing /opt/airflow/dags/hello_world.py took 0.065 seconds
[2024-10-09T16:03:26.311+0000] {processor.py:186} INFO - Started process (PID=3975) to work on /opt/airflow/dags/hello_world.py
[2024-10-09T16:03:26.312+0000] {processor.py:914} INFO - Processing file /opt/airflow/dags/hello_world.py for tasks to queue
[2024-10-09T16:03:26.313+0000] {logging_mixin.py:190} INFO - [2024-10-09T16:03:26.313+0000] {dagbag.py:588} INFO - Filling up the DagBag from /opt/airflow/dags/hello_world.py
[2024-10-09T16:03:26.320+0000] {processor.py:925} INFO - DAG(s) 'hello_dani' retrieved from /opt/airflow/dags/hello_world.py
[2024-10-09T16:03:26.339+0000] {logging_mixin.py:190} INFO - [2024-10-09T16:03:26.339+0000] {dag.py:3239} INFO - Sync 1 DAGs
[2024-10-09T16:03:26.365+0000] {logging_mixin.py:190} INFO - [2024-10-09T16:03:26.365+0000] {dag.py:4180} INFO - Setting next_dagrun for hello_dani to 2024-10-09 00:00:00+00:00, run_after=2024-10-10 00:00:00+00:00
[2024-10-09T16:03:26.386+0000] {processor.py:208} INFO - Processing /opt/airflow/dags/hello_world.py took 0.080 seconds
[2024-10-09T16:03:56.502+0000] {processor.py:186} INFO - Started process (PID=4038) to work on /opt/airflow/dags/hello_world.py
[2024-10-09T16:03:56.503+0000] {processor.py:914} INFO - Processing file /opt/airflow/dags/hello_world.py for tasks to queue
[2024-10-09T16:03:56.504+0000] {logging_mixin.py:190} INFO - [2024-10-09T16:03:56.503+0000] {dagbag.py:588} INFO - Filling up the DagBag from /opt/airflow/dags/hello_world.py
[2024-10-09T16:03:56.510+0000] {processor.py:925} INFO - DAG(s) 'hello_dani' retrieved from /opt/airflow/dags/hello_world.py
[2024-10-09T16:03:56.523+0000] {logging_mixin.py:190} INFO - [2024-10-09T16:03:56.523+0000] {dag.py:3239} INFO - Sync 1 DAGs
[2024-10-09T16:03:56.541+0000] {logging_mixin.py:190} INFO - [2024-10-09T16:03:56.541+0000] {dag.py:4180} INFO - Setting next_dagrun for hello_dani to 2024-10-09 00:00:00+00:00, run_after=2024-10-10 00:00:00+00:00
[2024-10-09T16:03:56.559+0000] {processor.py:208} INFO - Processing /opt/airflow/dags/hello_world.py took 0.061 seconds
[2024-10-09T16:04:26.916+0000] {processor.py:186} INFO - Started process (PID=4101) to work on /opt/airflow/dags/hello_world.py
[2024-10-09T16:04:26.916+0000] {processor.py:914} INFO - Processing file /opt/airflow/dags/hello_world.py for tasks to queue
[2024-10-09T16:04:26.917+0000] {logging_mixin.py:190} INFO - [2024-10-09T16:04:26.917+0000] {dagbag.py:588} INFO - Filling up the DagBag from /opt/airflow/dags/hello_world.py
[2024-10-09T16:04:26.924+0000] {processor.py:925} INFO - DAG(s) 'hello_dani' retrieved from /opt/airflow/dags/hello_world.py
[2024-10-09T16:04:26.941+0000] {logging_mixin.py:190} INFO - [2024-10-09T16:04:26.941+0000] {dag.py:3239} INFO - Sync 1 DAGs
[2024-10-09T16:04:26.963+0000] {logging_mixin.py:190} INFO - [2024-10-09T16:04:26.962+0000] {dag.py:4180} INFO - Setting next_dagrun for hello_dani to 2024-10-09 00:00:00+00:00, run_after=2024-10-10 00:00:00+00:00
[2024-10-09T16:04:26.981+0000] {processor.py:208} INFO - Processing /opt/airflow/dags/hello_world.py took 0.071 seconds
[2024-10-09T16:04:57.285+0000] {processor.py:186} INFO - Started process (PID=4165) to work on /opt/airflow/dags/hello_world.py
[2024-10-09T16:04:57.286+0000] {processor.py:914} INFO - Processing file /opt/airflow/dags/hello_world.py for tasks to queue
[2024-10-09T16:04:57.287+0000] {logging_mixin.py:190} INFO - [2024-10-09T16:04:57.287+0000] {dagbag.py:588} INFO - Filling up the DagBag from /opt/airflow/dags/hello_world.py
[2024-10-09T16:04:57.297+0000] {processor.py:925} INFO - DAG(s) 'hello_dani' retrieved from /opt/airflow/dags/hello_world.py
[2024-10-09T16:04:57.317+0000] {logging_mixin.py:190} INFO - [2024-10-09T16:04:57.316+0000] {dag.py:3239} INFO - Sync 1 DAGs
[2024-10-09T16:04:57.343+0000] {logging_mixin.py:190} INFO - [2024-10-09T16:04:57.342+0000] {dag.py:4180} INFO - Setting next_dagrun for hello_dani to 2024-10-09 00:00:00+00:00, run_after=2024-10-10 00:00:00+00:00
[2024-10-09T16:04:57.364+0000] {processor.py:208} INFO - Processing /opt/airflow/dags/hello_world.py took 0.085 seconds
[2024-10-09T16:05:27.560+0000] {processor.py:186} INFO - Started process (PID=4228) to work on /opt/airflow/dags/hello_world.py
[2024-10-09T16:05:27.560+0000] {processor.py:914} INFO - Processing file /opt/airflow/dags/hello_world.py for tasks to queue
[2024-10-09T16:05:27.561+0000] {logging_mixin.py:190} INFO - [2024-10-09T16:05:27.561+0000] {dagbag.py:588} INFO - Filling up the DagBag from /opt/airflow/dags/hello_world.py
[2024-10-09T16:05:27.570+0000] {processor.py:925} INFO - DAG(s) 'hello_dani' retrieved from /opt/airflow/dags/hello_world.py
[2024-10-09T16:05:27.585+0000] {logging_mixin.py:190} INFO - [2024-10-09T16:05:27.585+0000] {dag.py:3239} INFO - Sync 1 DAGs
[2024-10-09T16:05:27.604+0000] {logging_mixin.py:190} INFO - [2024-10-09T16:05:27.603+0000] {dag.py:4180} INFO - Setting next_dagrun for hello_dani to 2024-10-09 00:00:00+00:00, run_after=2024-10-10 00:00:00+00:00
[2024-10-09T16:05:27.621+0000] {processor.py:208} INFO - Processing /opt/airflow/dags/hello_world.py took 0.067 seconds
[2024-10-09T16:05:58.078+0000] {processor.py:186} INFO - Started process (PID=4291) to work on /opt/airflow/dags/hello_world.py
[2024-10-09T16:05:58.078+0000] {processor.py:914} INFO - Processing file /opt/airflow/dags/hello_world.py for tasks to queue
[2024-10-09T16:05:58.079+0000] {logging_mixin.py:190} INFO - [2024-10-09T16:05:58.079+0000] {dagbag.py:588} INFO - Filling up the DagBag from /opt/airflow/dags/hello_world.py
[2024-10-09T16:05:58.086+0000] {processor.py:925} INFO - DAG(s) 'hello_dani' retrieved from /opt/airflow/dags/hello_world.py
[2024-10-09T16:05:58.106+0000] {logging_mixin.py:190} INFO - [2024-10-09T16:05:58.105+0000] {dag.py:3239} INFO - Sync 1 DAGs
[2024-10-09T16:05:58.133+0000] {logging_mixin.py:190} INFO - [2024-10-09T16:05:58.133+0000] {dag.py:4180} INFO - Setting next_dagrun for hello_dani to 2024-10-09 00:00:00+00:00, run_after=2024-10-10 00:00:00+00:00
[2024-10-09T16:05:58.171+0000] {processor.py:208} INFO - Processing /opt/airflow/dags/hello_world.py took 0.098 seconds
[2024-10-09T16:06:28.305+0000] {processor.py:186} INFO - Started process (PID=4355) to work on /opt/airflow/dags/hello_world.py
[2024-10-09T16:06:28.305+0000] {processor.py:914} INFO - Processing file /opt/airflow/dags/hello_world.py for tasks to queue
[2024-10-09T16:06:28.306+0000] {logging_mixin.py:190} INFO - [2024-10-09T16:06:28.306+0000] {dagbag.py:588} INFO - Filling up the DagBag from /opt/airflow/dags/hello_world.py
[2024-10-09T16:06:28.312+0000] {processor.py:925} INFO - DAG(s) 'hello_dani' retrieved from /opt/airflow/dags/hello_world.py
[2024-10-09T16:06:28.325+0000] {logging_mixin.py:190} INFO - [2024-10-09T16:06:28.325+0000] {dag.py:3239} INFO - Sync 1 DAGs
[2024-10-09T16:06:28.344+0000] {logging_mixin.py:190} INFO - [2024-10-09T16:06:28.344+0000] {dag.py:4180} INFO - Setting next_dagrun for hello_dani to 2024-10-09 00:00:00+00:00, run_after=2024-10-10 00:00:00+00:00
[2024-10-09T16:06:28.361+0000] {processor.py:208} INFO - Processing /opt/airflow/dags/hello_world.py took 0.062 seconds
[2024-10-09T16:06:58.438+0000] {processor.py:186} INFO - Started process (PID=4418) to work on /opt/airflow/dags/hello_world.py
[2024-10-09T16:06:58.439+0000] {processor.py:914} INFO - Processing file /opt/airflow/dags/hello_world.py for tasks to queue
[2024-10-09T16:06:58.440+0000] {logging_mixin.py:190} INFO - [2024-10-09T16:06:58.440+0000] {dagbag.py:588} INFO - Filling up the DagBag from /opt/airflow/dags/hello_world.py
[2024-10-09T16:06:58.447+0000] {processor.py:925} INFO - DAG(s) 'hello_dani' retrieved from /opt/airflow/dags/hello_world.py
[2024-10-09T16:06:58.460+0000] {logging_mixin.py:190} INFO - [2024-10-09T16:06:58.460+0000] {dag.py:3239} INFO - Sync 1 DAGs
[2024-10-09T16:06:58.479+0000] {logging_mixin.py:190} INFO - [2024-10-09T16:06:58.478+0000] {dag.py:4180} INFO - Setting next_dagrun for hello_dani to 2024-10-09 00:00:00+00:00, run_after=2024-10-10 00:00:00+00:00
[2024-10-09T16:06:58.496+0000] {processor.py:208} INFO - Processing /opt/airflow/dags/hello_world.py took 0.062 seconds
[2024-10-09T16:07:28.794+0000] {processor.py:186} INFO - Started process (PID=4483) to work on /opt/airflow/dags/hello_world.py
[2024-10-09T16:07:28.794+0000] {processor.py:914} INFO - Processing file /opt/airflow/dags/hello_world.py for tasks to queue
[2024-10-09T16:07:28.796+0000] {logging_mixin.py:190} INFO - [2024-10-09T16:07:28.795+0000] {dagbag.py:588} INFO - Filling up the DagBag from /opt/airflow/dags/hello_world.py
[2024-10-09T16:07:28.805+0000] {processor.py:925} INFO - DAG(s) 'hello_dani' retrieved from /opt/airflow/dags/hello_world.py
[2024-10-09T16:07:28.819+0000] {logging_mixin.py:190} INFO - [2024-10-09T16:07:28.819+0000] {dag.py:3239} INFO - Sync 1 DAGs
[2024-10-09T16:07:28.838+0000] {logging_mixin.py:190} INFO - [2024-10-09T16:07:28.838+0000] {dag.py:4180} INFO - Setting next_dagrun for hello_dani to 2024-10-09 00:00:00+00:00, run_after=2024-10-10 00:00:00+00:00
[2024-10-09T16:07:28.857+0000] {processor.py:208} INFO - Processing /opt/airflow/dags/hello_world.py took 0.069 seconds
[2024-10-09T16:07:58.971+0000] {processor.py:186} INFO - Started process (PID=4547) to work on /opt/airflow/dags/hello_world.py
[2024-10-09T16:07:58.972+0000] {processor.py:914} INFO - Processing file /opt/airflow/dags/hello_world.py for tasks to queue
[2024-10-09T16:07:58.972+0000] {logging_mixin.py:190} INFO - [2024-10-09T16:07:58.972+0000] {dagbag.py:588} INFO - Filling up the DagBag from /opt/airflow/dags/hello_world.py
[2024-10-09T16:07:58.979+0000] {processor.py:925} INFO - DAG(s) 'hello_dani' retrieved from /opt/airflow/dags/hello_world.py
[2024-10-09T16:07:58.992+0000] {logging_mixin.py:190} INFO - [2024-10-09T16:07:58.992+0000] {dag.py:3239} INFO - Sync 1 DAGs
[2024-10-09T16:07:59.012+0000] {logging_mixin.py:190} INFO - [2024-10-09T16:07:59.012+0000] {dag.py:4180} INFO - Setting next_dagrun for hello_dani to 2024-10-09 00:00:00+00:00, run_after=2024-10-10 00:00:00+00:00
[2024-10-09T16:07:59.029+0000] {processor.py:208} INFO - Processing /opt/airflow/dags/hello_world.py took 0.063 seconds
[2024-10-09T16:08:29.388+0000] {processor.py:186} INFO - Started process (PID=4611) to work on /opt/airflow/dags/hello_world.py
[2024-10-09T16:08:29.389+0000] {processor.py:914} INFO - Processing file /opt/airflow/dags/hello_world.py for tasks to queue
[2024-10-09T16:08:29.390+0000] {logging_mixin.py:190} INFO - [2024-10-09T16:08:29.389+0000] {dagbag.py:588} INFO - Filling up the DagBag from /opt/airflow/dags/hello_world.py
[2024-10-09T16:08:29.396+0000] {processor.py:925} INFO - DAG(s) 'hello_dani' retrieved from /opt/airflow/dags/hello_world.py
[2024-10-09T16:08:29.411+0000] {logging_mixin.py:190} INFO - [2024-10-09T16:08:29.411+0000] {dag.py:3239} INFO - Sync 1 DAGs
[2024-10-09T16:08:29.433+0000] {logging_mixin.py:190} INFO - [2024-10-09T16:08:29.432+0000] {dag.py:4180} INFO - Setting next_dagrun for hello_dani to 2024-10-09 00:00:00+00:00, run_after=2024-10-10 00:00:00+00:00
[2024-10-09T16:08:29.449+0000] {processor.py:208} INFO - Processing /opt/airflow/dags/hello_world.py took 0.066 seconds
[2024-10-09T16:08:59.673+0000] {processor.py:186} INFO - Started process (PID=4676) to work on /opt/airflow/dags/hello_world.py
[2024-10-09T16:08:59.673+0000] {processor.py:914} INFO - Processing file /opt/airflow/dags/hello_world.py for tasks to queue
[2024-10-09T16:08:59.675+0000] {logging_mixin.py:190} INFO - [2024-10-09T16:08:59.674+0000] {dagbag.py:588} INFO - Filling up the DagBag from /opt/airflow/dags/hello_world.py
[2024-10-09T16:08:59.683+0000] {processor.py:925} INFO - DAG(s) 'hello_dani' retrieved from /opt/airflow/dags/hello_world.py
[2024-10-09T16:08:59.696+0000] {logging_mixin.py:190} INFO - [2024-10-09T16:08:59.696+0000] {dag.py:3239} INFO - Sync 1 DAGs
[2024-10-09T16:08:59.715+0000] {logging_mixin.py:190} INFO - [2024-10-09T16:08:59.715+0000] {dag.py:4180} INFO - Setting next_dagrun for hello_dani to 2024-10-09 00:00:00+00:00, run_after=2024-10-10 00:00:00+00:00
[2024-10-09T16:08:59.731+0000] {processor.py:208} INFO - Processing /opt/airflow/dags/hello_world.py took 0.063 seconds
[2024-10-09T16:09:29.808+0000] {processor.py:186} INFO - Started process (PID=4740) to work on /opt/airflow/dags/hello_world.py
[2024-10-09T16:09:29.809+0000] {processor.py:914} INFO - Processing file /opt/airflow/dags/hello_world.py for tasks to queue
[2024-10-09T16:09:29.810+0000] {logging_mixin.py:190} INFO - [2024-10-09T16:09:29.809+0000] {dagbag.py:588} INFO - Filling up the DagBag from /opt/airflow/dags/hello_world.py
[2024-10-09T16:09:29.816+0000] {processor.py:925} INFO - DAG(s) 'hello_dani' retrieved from /opt/airflow/dags/hello_world.py
[2024-10-09T16:09:29.830+0000] {logging_mixin.py:190} INFO - [2024-10-09T16:09:29.830+0000] {dag.py:3239} INFO - Sync 1 DAGs
[2024-10-09T16:09:29.852+0000] {logging_mixin.py:190} INFO - [2024-10-09T16:09:29.852+0000] {dag.py:4180} INFO - Setting next_dagrun for hello_dani to 2024-10-09 00:00:00+00:00, run_after=2024-10-10 00:00:00+00:00
[2024-10-09T16:09:29.879+0000] {processor.py:208} INFO - Processing /opt/airflow/dags/hello_world.py took 0.075 seconds
[2024-10-09T16:10:00.214+0000] {processor.py:186} INFO - Started process (PID=4804) to work on /opt/airflow/dags/hello_world.py
[2024-10-09T16:10:00.215+0000] {processor.py:914} INFO - Processing file /opt/airflow/dags/hello_world.py for tasks to queue
[2024-10-09T16:10:00.216+0000] {logging_mixin.py:190} INFO - [2024-10-09T16:10:00.216+0000] {dagbag.py:588} INFO - Filling up the DagBag from /opt/airflow/dags/hello_world.py
[2024-10-09T16:10:00.224+0000] {processor.py:925} INFO - DAG(s) 'hello_dani' retrieved from /opt/airflow/dags/hello_world.py
[2024-10-09T16:10:00.237+0000] {logging_mixin.py:190} INFO - [2024-10-09T16:10:00.237+0000] {dag.py:3239} INFO - Sync 1 DAGs
[2024-10-09T16:10:00.256+0000] {logging_mixin.py:190} INFO - [2024-10-09T16:10:00.256+0000] {dag.py:4180} INFO - Setting next_dagrun for hello_dani to 2024-10-09 00:00:00+00:00, run_after=2024-10-10 00:00:00+00:00
[2024-10-09T16:10:00.273+0000] {processor.py:208} INFO - Processing /opt/airflow/dags/hello_world.py took 0.063 seconds
[2024-10-09T16:10:30.490+0000] {processor.py:186} INFO - Started process (PID=4869) to work on /opt/airflow/dags/hello_world.py
[2024-10-09T16:10:30.491+0000] {processor.py:914} INFO - Processing file /opt/airflow/dags/hello_world.py for tasks to queue
[2024-10-09T16:10:30.492+0000] {logging_mixin.py:190} INFO - [2024-10-09T16:10:30.492+0000] {dagbag.py:588} INFO - Filling up the DagBag from /opt/airflow/dags/hello_world.py
[2024-10-09T16:10:30.499+0000] {processor.py:925} INFO - DAG(s) 'hello_dani' retrieved from /opt/airflow/dags/hello_world.py
[2024-10-09T16:10:30.513+0000] {logging_mixin.py:190} INFO - [2024-10-09T16:10:30.513+0000] {dag.py:3239} INFO - Sync 1 DAGs
[2024-10-09T16:10:30.533+0000] {logging_mixin.py:190} INFO - [2024-10-09T16:10:30.532+0000] {dag.py:4180} INFO - Setting next_dagrun for hello_dani to 2024-10-09 00:00:00+00:00, run_after=2024-10-10 00:00:00+00:00
[2024-10-09T16:10:30.553+0000] {processor.py:208} INFO - Processing /opt/airflow/dags/hello_world.py took 0.067 seconds
[2024-10-09T16:11:00.972+0000] {processor.py:186} INFO - Started process (PID=4933) to work on /opt/airflow/dags/hello_world.py
[2024-10-09T16:11:00.972+0000] {processor.py:914} INFO - Processing file /opt/airflow/dags/hello_world.py for tasks to queue
[2024-10-09T16:11:00.973+0000] {logging_mixin.py:190} INFO - [2024-10-09T16:11:00.973+0000] {dagbag.py:588} INFO - Filling up the DagBag from /opt/airflow/dags/hello_world.py
[2024-10-09T16:11:00.980+0000] {processor.py:925} INFO - DAG(s) 'hello_dani' retrieved from /opt/airflow/dags/hello_world.py
[2024-10-09T16:11:00.992+0000] {logging_mixin.py:190} INFO - [2024-10-09T16:11:00.992+0000] {dag.py:3239} INFO - Sync 1 DAGs
[2024-10-09T16:11:01.011+0000] {logging_mixin.py:190} INFO - [2024-10-09T16:11:01.011+0000] {dag.py:4180} INFO - Setting next_dagrun for hello_dani to 2024-10-09 00:00:00+00:00, run_after=2024-10-10 00:00:00+00:00
[2024-10-09T16:11:01.027+0000] {processor.py:208} INFO - Processing /opt/airflow/dags/hello_world.py took 0.060 seconds
[2024-10-09T16:11:31.277+0000] {processor.py:186} INFO - Started process (PID=4997) to work on /opt/airflow/dags/hello_world.py
[2024-10-09T16:11:31.277+0000] {processor.py:914} INFO - Processing file /opt/airflow/dags/hello_world.py for tasks to queue
[2024-10-09T16:11:31.278+0000] {logging_mixin.py:190} INFO - [2024-10-09T16:11:31.278+0000] {dagbag.py:588} INFO - Filling up the DagBag from /opt/airflow/dags/hello_world.py
[2024-10-09T16:11:31.285+0000] {processor.py:925} INFO - DAG(s) 'hello_dani' retrieved from /opt/airflow/dags/hello_world.py
[2024-10-09T16:11:31.298+0000] {logging_mixin.py:190} INFO - [2024-10-09T16:11:31.298+0000] {dag.py:3239} INFO - Sync 1 DAGs
[2024-10-09T16:11:31.317+0000] {logging_mixin.py:190} INFO - [2024-10-09T16:11:31.317+0000] {dag.py:4180} INFO - Setting next_dagrun for hello_dani to 2024-10-09 00:00:00+00:00, run_after=2024-10-10 00:00:00+00:00
[2024-10-09T16:11:31.335+0000] {processor.py:208} INFO - Processing /opt/airflow/dags/hello_world.py took 0.063 seconds
[2024-10-09T16:12:01.590+0000] {processor.py:186} INFO - Started process (PID=5061) to work on /opt/airflow/dags/hello_world.py
[2024-10-09T16:12:01.591+0000] {processor.py:914} INFO - Processing file /opt/airflow/dags/hello_world.py for tasks to queue
[2024-10-09T16:12:01.592+0000] {logging_mixin.py:190} INFO - [2024-10-09T16:12:01.592+0000] {dagbag.py:588} INFO - Filling up the DagBag from /opt/airflow/dags/hello_world.py
[2024-10-09T16:12:01.599+0000] {processor.py:925} INFO - DAG(s) 'hello_dani' retrieved from /opt/airflow/dags/hello_world.py
[2024-10-09T16:12:01.613+0000] {logging_mixin.py:190} INFO - [2024-10-09T16:12:01.612+0000] {dag.py:3239} INFO - Sync 1 DAGs
[2024-10-09T16:12:01.632+0000] {logging_mixin.py:190} INFO - [2024-10-09T16:12:01.632+0000] {dag.py:4180} INFO - Setting next_dagrun for hello_dani to 2024-10-09 00:00:00+00:00, run_after=2024-10-10 00:00:00+00:00
[2024-10-09T16:12:01.652+0000] {processor.py:208} INFO - Processing /opt/airflow/dags/hello_world.py took 0.066 seconds
[2024-10-09T16:12:32.010+0000] {processor.py:186} INFO - Started process (PID=5125) to work on /opt/airflow/dags/hello_world.py
[2024-10-09T16:12:32.011+0000] {processor.py:914} INFO - Processing file /opt/airflow/dags/hello_world.py for tasks to queue
[2024-10-09T16:12:32.012+0000] {logging_mixin.py:190} INFO - [2024-10-09T16:12:32.011+0000] {dagbag.py:588} INFO - Filling up the DagBag from /opt/airflow/dags/hello_world.py
[2024-10-09T16:12:32.018+0000] {processor.py:925} INFO - DAG(s) 'hello_dani' retrieved from /opt/airflow/dags/hello_world.py
[2024-10-09T16:12:32.033+0000] {logging_mixin.py:190} INFO - [2024-10-09T16:12:32.032+0000] {dag.py:3239} INFO - Sync 1 DAGs
[2024-10-09T16:12:32.052+0000] {logging_mixin.py:190} INFO - [2024-10-09T16:12:32.052+0000] {dag.py:4180} INFO - Setting next_dagrun for hello_dani to 2024-10-09 00:00:00+00:00, run_after=2024-10-10 00:00:00+00:00
[2024-10-09T16:12:32.069+0000] {processor.py:208} INFO - Processing /opt/airflow/dags/hello_world.py took 0.064 seconds
[2024-10-09T16:13:02.367+0000] {processor.py:186} INFO - Started process (PID=5189) to work on /opt/airflow/dags/hello_world.py
[2024-10-09T16:13:02.368+0000] {processor.py:914} INFO - Processing file /opt/airflow/dags/hello_world.py for tasks to queue
[2024-10-09T16:13:02.368+0000] {logging_mixin.py:190} INFO - [2024-10-09T16:13:02.368+0000] {dagbag.py:588} INFO - Filling up the DagBag from /opt/airflow/dags/hello_world.py
[2024-10-09T16:13:02.375+0000] {processor.py:925} INFO - DAG(s) 'hello_dani' retrieved from /opt/airflow/dags/hello_world.py
[2024-10-09T16:13:02.395+0000] {logging_mixin.py:190} INFO - [2024-10-09T16:13:02.394+0000] {dag.py:3239} INFO - Sync 1 DAGs
[2024-10-09T16:13:02.420+0000] {logging_mixin.py:190} INFO - [2024-10-09T16:13:02.420+0000] {dag.py:4180} INFO - Setting next_dagrun for hello_dani to 2024-10-09 00:00:00+00:00, run_after=2024-10-10 00:00:00+00:00
[2024-10-09T16:13:02.443+0000] {processor.py:208} INFO - Processing /opt/airflow/dags/hello_world.py took 0.080 seconds
[2024-10-09T16:13:32.582+0000] {processor.py:186} INFO - Started process (PID=5253) to work on /opt/airflow/dags/hello_world.py
[2024-10-09T16:13:32.583+0000] {processor.py:914} INFO - Processing file /opt/airflow/dags/hello_world.py for tasks to queue
[2024-10-09T16:13:32.585+0000] {logging_mixin.py:190} INFO - [2024-10-09T16:13:32.584+0000] {dagbag.py:588} INFO - Filling up the DagBag from /opt/airflow/dags/hello_world.py
[2024-10-09T16:13:32.593+0000] {processor.py:925} INFO - DAG(s) 'hello_dani' retrieved from /opt/airflow/dags/hello_world.py
[2024-10-09T16:13:32.611+0000] {logging_mixin.py:190} INFO - [2024-10-09T16:13:32.611+0000] {dag.py:3239} INFO - Sync 1 DAGs
[2024-10-09T16:13:32.639+0000] {logging_mixin.py:190} INFO - [2024-10-09T16:13:32.639+0000] {dag.py:4180} INFO - Setting next_dagrun for hello_dani to 2024-10-09 00:00:00+00:00, run_after=2024-10-10 00:00:00+00:00
[2024-10-09T16:13:32.660+0000] {processor.py:208} INFO - Processing /opt/airflow/dags/hello_world.py took 0.085 seconds
[2024-10-09T16:14:03.004+0000] {processor.py:186} INFO - Started process (PID=5317) to work on /opt/airflow/dags/hello_world.py
[2024-10-09T16:14:03.005+0000] {processor.py:914} INFO - Processing file /opt/airflow/dags/hello_world.py for tasks to queue
[2024-10-09T16:14:03.007+0000] {logging_mixin.py:190} INFO - [2024-10-09T16:14:03.006+0000] {dagbag.py:588} INFO - Filling up the DagBag from /opt/airflow/dags/hello_world.py
[2024-10-09T16:14:03.015+0000] {processor.py:925} INFO - DAG(s) 'hello_dani' retrieved from /opt/airflow/dags/hello_world.py
[2024-10-09T16:14:03.030+0000] {logging_mixin.py:190} INFO - [2024-10-09T16:14:03.030+0000] {dag.py:3239} INFO - Sync 1 DAGs
[2024-10-09T16:14:03.050+0000] {logging_mixin.py:190} INFO - [2024-10-09T16:14:03.050+0000] {dag.py:4180} INFO - Setting next_dagrun for hello_dani to 2024-10-09 00:00:00+00:00, run_after=2024-10-10 00:00:00+00:00
[2024-10-09T16:14:03.067+0000] {processor.py:208} INFO - Processing /opt/airflow/dags/hello_world.py took 0.069 seconds
[2024-10-09T16:14:33.277+0000] {processor.py:186} INFO - Started process (PID=5381) to work on /opt/airflow/dags/hello_world.py
[2024-10-09T16:14:33.278+0000] {processor.py:914} INFO - Processing file /opt/airflow/dags/hello_world.py for tasks to queue
[2024-10-09T16:14:33.279+0000] {logging_mixin.py:190} INFO - [2024-10-09T16:14:33.279+0000] {dagbag.py:588} INFO - Filling up the DagBag from /opt/airflow/dags/hello_world.py
[2024-10-09T16:14:33.286+0000] {processor.py:925} INFO - DAG(s) 'hello_dani' retrieved from /opt/airflow/dags/hello_world.py
[2024-10-09T16:14:33.298+0000] {logging_mixin.py:190} INFO - [2024-10-09T16:14:33.298+0000] {dag.py:3239} INFO - Sync 1 DAGs
[2024-10-09T16:14:33.321+0000] {logging_mixin.py:190} INFO - [2024-10-09T16:14:33.321+0000] {dag.py:4180} INFO - Setting next_dagrun for hello_dani to 2024-10-09 00:00:00+00:00, run_after=2024-10-10 00:00:00+00:00
[2024-10-09T16:14:33.341+0000] {processor.py:208} INFO - Processing /opt/airflow/dags/hello_world.py took 0.068 seconds
[2024-10-09T16:15:03.605+0000] {processor.py:186} INFO - Started process (PID=5445) to work on /opt/airflow/dags/hello_world.py
[2024-10-09T16:15:03.606+0000] {processor.py:914} INFO - Processing file /opt/airflow/dags/hello_world.py for tasks to queue
[2024-10-09T16:15:03.607+0000] {logging_mixin.py:190} INFO - [2024-10-09T16:15:03.606+0000] {dagbag.py:588} INFO - Filling up the DagBag from /opt/airflow/dags/hello_world.py
[2024-10-09T16:15:03.613+0000] {processor.py:925} INFO - DAG(s) 'hello_dani' retrieved from /opt/airflow/dags/hello_world.py
[2024-10-09T16:15:03.632+0000] {logging_mixin.py:190} INFO - [2024-10-09T16:15:03.632+0000] {dag.py:3239} INFO - Sync 1 DAGs
[2024-10-09T16:15:03.651+0000] {logging_mixin.py:190} INFO - [2024-10-09T16:15:03.651+0000] {dag.py:4180} INFO - Setting next_dagrun for hello_dani to 2024-10-09 00:00:00+00:00, run_after=2024-10-10 00:00:00+00:00
[2024-10-09T16:15:03.668+0000] {processor.py:208} INFO - Processing /opt/airflow/dags/hello_world.py took 0.067 seconds
[2024-10-09T16:15:33.766+0000] {processor.py:186} INFO - Started process (PID=5509) to work on /opt/airflow/dags/hello_world.py
[2024-10-09T16:15:33.766+0000] {processor.py:914} INFO - Processing file /opt/airflow/dags/hello_world.py for tasks to queue
[2024-10-09T16:15:33.767+0000] {logging_mixin.py:190} INFO - [2024-10-09T16:15:33.767+0000] {dagbag.py:588} INFO - Filling up the DagBag from /opt/airflow/dags/hello_world.py
[2024-10-09T16:15:33.774+0000] {processor.py:925} INFO - DAG(s) 'hello_dani' retrieved from /opt/airflow/dags/hello_world.py
[2024-10-09T16:15:33.787+0000] {logging_mixin.py:190} INFO - [2024-10-09T16:15:33.787+0000] {dag.py:3239} INFO - Sync 1 DAGs
[2024-10-09T16:15:33.806+0000] {logging_mixin.py:190} INFO - [2024-10-09T16:15:33.806+0000] {dag.py:4180} INFO - Setting next_dagrun for hello_dani to 2024-10-09 00:00:00+00:00, run_after=2024-10-10 00:00:00+00:00
[2024-10-09T16:15:33.824+0000] {processor.py:208} INFO - Processing /opt/airflow/dags/hello_world.py took 0.063 seconds
[2024-10-09T16:16:03.899+0000] {processor.py:186} INFO - Started process (PID=5573) to work on /opt/airflow/dags/hello_world.py
[2024-10-09T16:16:03.900+0000] {processor.py:914} INFO - Processing file /opt/airflow/dags/hello_world.py for tasks to queue
[2024-10-09T16:16:03.901+0000] {logging_mixin.py:190} INFO - [2024-10-09T16:16:03.900+0000] {dagbag.py:588} INFO - Filling up the DagBag from /opt/airflow/dags/hello_world.py
[2024-10-09T16:16:03.907+0000] {processor.py:925} INFO - DAG(s) 'hello_dani' retrieved from /opt/airflow/dags/hello_world.py
[2024-10-09T16:16:03.921+0000] {logging_mixin.py:190} INFO - [2024-10-09T16:16:03.921+0000] {dag.py:3239} INFO - Sync 1 DAGs
[2024-10-09T16:16:03.940+0000] {logging_mixin.py:190} INFO - [2024-10-09T16:16:03.940+0000] {dag.py:4180} INFO - Setting next_dagrun for hello_dani to 2024-10-09 00:00:00+00:00, run_after=2024-10-10 00:00:00+00:00
[2024-10-09T16:16:03.958+0000] {processor.py:208} INFO - Processing /opt/airflow/dags/hello_world.py took 0.063 seconds
[2024-10-09T16:16:34.077+0000] {processor.py:186} INFO - Started process (PID=5637) to work on /opt/airflow/dags/hello_world.py
[2024-10-09T16:16:34.078+0000] {processor.py:914} INFO - Processing file /opt/airflow/dags/hello_world.py for tasks to queue
[2024-10-09T16:16:34.079+0000] {logging_mixin.py:190} INFO - [2024-10-09T16:16:34.079+0000] {dagbag.py:588} INFO - Filling up the DagBag from /opt/airflow/dags/hello_world.py
[2024-10-09T16:16:34.086+0000] {processor.py:925} INFO - DAG(s) 'hello_dani' retrieved from /opt/airflow/dags/hello_world.py
[2024-10-09T16:16:34.101+0000] {logging_mixin.py:190} INFO - [2024-10-09T16:16:34.101+0000] {dag.py:3239} INFO - Sync 1 DAGs
[2024-10-09T16:16:34.120+0000] {logging_mixin.py:190} INFO - [2024-10-09T16:16:34.119+0000] {dag.py:4180} INFO - Setting next_dagrun for hello_dani to 2024-10-09 00:00:00+00:00, run_after=2024-10-10 00:00:00+00:00
[2024-10-09T16:16:34.136+0000] {processor.py:208} INFO - Processing /opt/airflow/dags/hello_world.py took 0.063 seconds
[2024-10-09T16:17:04.222+0000] {processor.py:186} INFO - Started process (PID=5702) to work on /opt/airflow/dags/hello_world.py
[2024-10-09T16:17:04.222+0000] {processor.py:914} INFO - Processing file /opt/airflow/dags/hello_world.py for tasks to queue
[2024-10-09T16:17:04.223+0000] {logging_mixin.py:190} INFO - [2024-10-09T16:17:04.223+0000] {dagbag.py:588} INFO - Filling up the DagBag from /opt/airflow/dags/hello_world.py
[2024-10-09T16:17:04.230+0000] {processor.py:925} INFO - DAG(s) 'hello_dani' retrieved from /opt/airflow/dags/hello_world.py
[2024-10-09T16:17:04.244+0000] {logging_mixin.py:190} INFO - [2024-10-09T16:17:04.244+0000] {dag.py:3239} INFO - Sync 1 DAGs
[2024-10-09T16:17:04.262+0000] {logging_mixin.py:190} INFO - [2024-10-09T16:17:04.262+0000] {dag.py:4180} INFO - Setting next_dagrun for hello_dani to 2024-10-09 00:00:00+00:00, run_after=2024-10-10 00:00:00+00:00
[2024-10-09T16:17:04.280+0000] {processor.py:208} INFO - Processing /opt/airflow/dags/hello_world.py took 0.062 seconds
[2024-10-09T16:17:34.613+0000] {processor.py:186} INFO - Started process (PID=5767) to work on /opt/airflow/dags/hello_world.py
[2024-10-09T16:17:34.613+0000] {processor.py:914} INFO - Processing file /opt/airflow/dags/hello_world.py for tasks to queue
[2024-10-09T16:17:34.614+0000] {logging_mixin.py:190} INFO - [2024-10-09T16:17:34.614+0000] {dagbag.py:588} INFO - Filling up the DagBag from /opt/airflow/dags/hello_world.py
[2024-10-09T16:17:34.621+0000] {processor.py:925} INFO - DAG(s) 'hello_dani' retrieved from /opt/airflow/dags/hello_world.py
[2024-10-09T16:17:34.635+0000] {logging_mixin.py:190} INFO - [2024-10-09T16:17:34.635+0000] {dag.py:3239} INFO - Sync 1 DAGs
[2024-10-09T16:17:34.654+0000] {logging_mixin.py:190} INFO - [2024-10-09T16:17:34.654+0000] {dag.py:4180} INFO - Setting next_dagrun for hello_dani to 2024-10-09 00:00:00+00:00, run_after=2024-10-10 00:00:00+00:00
[2024-10-09T16:17:34.672+0000] {processor.py:208} INFO - Processing /opt/airflow/dags/hello_world.py took 0.063 seconds
[2024-10-09T16:18:05.038+0000] {processor.py:186} INFO - Started process (PID=5831) to work on /opt/airflow/dags/hello_world.py
[2024-10-09T16:18:05.039+0000] {processor.py:914} INFO - Processing file /opt/airflow/dags/hello_world.py for tasks to queue
[2024-10-09T16:18:05.040+0000] {logging_mixin.py:190} INFO - [2024-10-09T16:18:05.040+0000] {dagbag.py:588} INFO - Filling up the DagBag from /opt/airflow/dags/hello_world.py
[2024-10-09T16:18:05.047+0000] {processor.py:925} INFO - DAG(s) 'hello_dani' retrieved from /opt/airflow/dags/hello_world.py
[2024-10-09T16:18:05.061+0000] {logging_mixin.py:190} INFO - [2024-10-09T16:18:05.060+0000] {dag.py:3239} INFO - Sync 1 DAGs
[2024-10-09T16:18:05.079+0000] {logging_mixin.py:190} INFO - [2024-10-09T16:18:05.079+0000] {dag.py:4180} INFO - Setting next_dagrun for hello_dani to 2024-10-09 00:00:00+00:00, run_after=2024-10-10 00:00:00+00:00
[2024-10-09T16:18:05.097+0000] {processor.py:208} INFO - Processing /opt/airflow/dags/hello_world.py took 0.062 seconds
[2024-10-09T16:18:35.252+0000] {processor.py:186} INFO - Started process (PID=5895) to work on /opt/airflow/dags/hello_world.py
[2024-10-09T16:18:35.253+0000] {processor.py:914} INFO - Processing file /opt/airflow/dags/hello_world.py for tasks to queue
[2024-10-09T16:18:35.254+0000] {logging_mixin.py:190} INFO - [2024-10-09T16:18:35.253+0000] {dagbag.py:588} INFO - Filling up the DagBag from /opt/airflow/dags/hello_world.py
[2024-10-09T16:18:35.260+0000] {processor.py:925} INFO - DAG(s) 'hello_dani' retrieved from /opt/airflow/dags/hello_world.py
[2024-10-09T16:18:35.273+0000] {logging_mixin.py:190} INFO - [2024-10-09T16:18:35.273+0000] {dag.py:3239} INFO - Sync 1 DAGs
[2024-10-09T16:18:35.292+0000] {logging_mixin.py:190} INFO - [2024-10-09T16:18:35.292+0000] {dag.py:4180} INFO - Setting next_dagrun for hello_dani to 2024-10-09 00:00:00+00:00, run_after=2024-10-10 00:00:00+00:00
[2024-10-09T16:18:35.309+0000] {processor.py:208} INFO - Processing /opt/airflow/dags/hello_world.py took 0.061 seconds
[2024-10-09T16:19:05.388+0000] {processor.py:186} INFO - Started process (PID=5959) to work on /opt/airflow/dags/hello_world.py
[2024-10-09T16:19:05.388+0000] {processor.py:914} INFO - Processing file /opt/airflow/dags/hello_world.py for tasks to queue
[2024-10-09T16:19:05.389+0000] {logging_mixin.py:190} INFO - [2024-10-09T16:19:05.389+0000] {dagbag.py:588} INFO - Filling up the DagBag from /opt/airflow/dags/hello_world.py
[2024-10-09T16:19:05.396+0000] {processor.py:925} INFO - DAG(s) 'hello_dani' retrieved from /opt/airflow/dags/hello_world.py
[2024-10-09T16:19:05.408+0000] {logging_mixin.py:190} INFO - [2024-10-09T16:19:05.408+0000] {dag.py:3239} INFO - Sync 1 DAGs
[2024-10-09T16:19:05.427+0000] {logging_mixin.py:190} INFO - [2024-10-09T16:19:05.427+0000] {dag.py:4180} INFO - Setting next_dagrun for hello_dani to 2024-10-09 00:00:00+00:00, run_after=2024-10-10 00:00:00+00:00
[2024-10-09T16:19:05.444+0000] {processor.py:208} INFO - Processing /opt/airflow/dags/hello_world.py took 0.061 seconds
[2024-10-09T16:19:35.649+0000] {processor.py:186} INFO - Started process (PID=6023) to work on /opt/airflow/dags/hello_world.py
[2024-10-09T16:19:35.650+0000] {processor.py:914} INFO - Processing file /opt/airflow/dags/hello_world.py for tasks to queue
[2024-10-09T16:19:35.651+0000] {logging_mixin.py:190} INFO - [2024-10-09T16:19:35.651+0000] {dagbag.py:588} INFO - Filling up the DagBag from /opt/airflow/dags/hello_world.py
[2024-10-09T16:19:35.657+0000] {processor.py:925} INFO - DAG(s) 'hello_dani' retrieved from /opt/airflow/dags/hello_world.py
[2024-10-09T16:19:35.672+0000] {logging_mixin.py:190} INFO - [2024-10-09T16:19:35.671+0000] {dag.py:3239} INFO - Sync 1 DAGs
[2024-10-09T16:19:35.690+0000] {logging_mixin.py:190} INFO - [2024-10-09T16:19:35.690+0000] {dag.py:4180} INFO - Setting next_dagrun for hello_dani to 2024-10-09 00:00:00+00:00, run_after=2024-10-10 00:00:00+00:00
[2024-10-09T16:19:35.706+0000] {processor.py:208} INFO - Processing /opt/airflow/dags/hello_world.py took 0.061 seconds
